src/components/auth/AuthForm.tsx(77,38): error TS2339: Property 'VITE_DEMO_MODE' does not exist on type 'ImportMetaEnv'.
src/components/auth/UnifiedLoginForm.tsx(42,38): error TS2339: Property 'VITE_DEMO_MODE' does not exist on type 'ImportMetaEnv'.
src/components/ChatInterfaceDemo.tsx(50,3): error TS2739: Type '{ id: string; senderId: string; senderName: string; senderAvatarUrl: string; timestamp: Timestamp; content: string; chatType: ChatType.GENERAL; messageType: string; }' is missing the following properties from type 'Message': projectId, userId, userName
src/components/ChatInterfaceDemo.tsx(60,3): error TS2739: Type '{ id: string; senderId: string; senderName: string; senderAvatarUrl: string; timestamp: Timestamp; content: string; chatType: ChatType.GENERAL; messageType: string; }' is missing the following properties from type 'Message': projectId, userId, userName
src/components/ChatInterfaceDemo.tsx(70,3): error TS2739: Type '{ id: string; senderId: string; senderName: string; senderAvatarUrl: string; timestamp: Timestamp; content: string; chatType: ChatType.GENERAL; messageType: string; }' is missing the following properties from type 'Message': projectId, userId, userName
src/components/ChatInterfaceDemo.tsx(80,3): error TS2739: Type '{ id: string; senderId: string; senderName: string; senderAvatarUrl: string; timestamp: Timestamp; content: string; chatType: ChatType.GENERAL; messageType: string; }' is missing the following properties from type 'Message': projectId, userId, userName
src/components/ChatInterfaceDemo.tsx(90,3): error TS2739: Type '{ id: string; senderId: string; senderName: string; senderAvatarUrl: string; timestamp: Timestamp; content: string; chatType: ChatType.GENERAL; messageType: string; }' is missing the following properties from type 'Message': projectId, userId, userName
src/components/ChatInterfaceDemo.tsx(100,3): error TS2739: Type '{ id: string; senderId: string; senderName: string; senderAvatarUrl: string; timestamp: Timestamp; content: string; chatType: ChatType.GENERAL; messageType: string; }' is missing the following properties from type 'Message': projectId, userId, userName
src/components/ChatInterfaceDemo.tsx(134,11): error TS2739: Type '{ id: string; senderId: string; senderName: string; senderAvatarUrl: string; timestamp: Timestamp; content: string; chatType: ChatType.GENERAL; messageType: string; recipientIds: string[]; }' is missing the following properties from type 'Message': projectId, userId, userName
src/components/ChatInterfaceDemo.tsx(167,9): error TS2322: Type 'import("d:/a.7.1-s/src/types").Message[]' is not assignable to type 'import("d:/a.7.1-s/src/types/messaging").Message[]'.
  Property 'channelType' is missing in type 'import("d:/a.7.1-s/src/types").Message' but required in type 'import("d:/a.7.1-s/src/types/messaging").Message'.
src/components/dashboard/DashboardLayoutManager.tsx(345,25): error TS2741: Property 'component' is missing in type 'DashboardWidget' but required in type 'EnhancedWidgetType'.
src/components/dashboard/ResizableWidgetContainer.tsx(163,13): error TS2741: Property 'component' is missing in type 'DashboardWidget' but required in type 'EnhancedWidgetType'.
src/components/dashboard/ResizableWidgetContainer.tsx(203,21): error TS2741: Property 'component' is missing in type 'DashboardWidget' but required in type 'EnhancedWidgetType'.
src/components/demos/FormEnhancementsDemo.tsx(126,7): error TS2322: Type 'string' is not assignable to type 'boolean'.
src/components/demos/FormEnhancementsDemo.tsx(156,7): error TS2322: Type 'string' is not assignable to type 'boolean'.
src/components/file/EnhancedFileUploadModal.tsx(187,34): error TS2554: Expected 3-5 arguments, but got 2.
src/components/file/EnhancedFileUploadModal.tsx(193,26): error TS2339: Property 'public_id' does not exist on type 'ProjectFile'.
src/components/file/EnhancedFileUploadModal.tsx(195,27): error TS2339: Property 'secure_url' does not exist on type 'ProjectFile'.
src/components/file/EnhancedFileUploadModal.tsx(202,36): error TS2304: Cannot find name 'FileCategory'.
src/components/file/EnhancedFileUploadModal.tsx(214,9): error TS2353: Object literal may only specify known properties, and 'isLatestVersion' does not exist in type 'ProjectFile'.
src/components/file/EnhancedFileUploadModal.tsx(344,27): error TS2322: Type 'Record<string, FileUploadProgress>' is not assignable to type 'ReactNode'.
  Type 'Record<string, FileUploadProgress>' is missing the following properties from type 'ReactPortal': children, type, props, key
src/components/file/EnhancedFileUploadModal.tsx(346,29): error TS2322: Type 'Record<string, FileUploadProgress>' is not assignable to type 'number'.
src/components/file/FileMetadataEditor.tsx(78,21): error TS2554: Expected 2-3 arguments, but got 1.
src/components/file/FileMetadataEditor.tsx(145,5): error TS2322: Type 'Resolver<{ name: string; category: FileCategory; permissions: { level: FilePermissionLevel; allowDownload: boolean; allowShare: boolean; allowDelete: boolean; allowVersioning: boolean; allowComments: boolean; }; description?: string; tags?: string[]; customMetadata?: Record<...>; }, any, { ...; }>' is not assignable to type 'Resolver<{ name: string; category: FileCategory; tags: string[]; permissions: { level: FilePermissionLevel; allowDownload: boolean; allowShare: boolean; allowDelete: boolean; allowVersioning: boolean; allowComments: boolean; }; description?: string; customMetadata?: Record<...>; }, any, { ...; }>'.
  Types of parameters 'options' and 'options' are incompatible.
    Type 'ResolverOptions<{ name: string; category: FileCategory; tags: string[]; permissions: { level: FilePermissionLevel; allowDownload: boolean; allowShare: boolean; allowDelete: boolean; allowVersioning: boolean; allowComments: boolean; }; description?: string; customMetadata?: Record<...>; }>' is not assignable to type 'ResolverOptions<{ name: string; category: FileCategory; permissions: { level: FilePermissionLevel; allowDownload: boolean; allowShare: boolean; allowDelete: boolean; allowVersioning: boolean; allowComments: boolean; }; description?: string; tags?: string[]; customMetadata?: Record<...>; }>'.
      Type '{ name: string; category: FileCategory; permissions: { level: FilePermissionLevel; allowDownload: boolean; allowShare: boolean; allowDelete: boolean; allowVersioning: boolean; allowComments: boolean; }; description?: string; tags?: string[]; customMetadata?: Record<...>; }' is not assignable to type '{ name: string; category: FileCategory; tags: string[]; permissions: { level: FilePermissionLevel; allowDownload: boolean; allowShare: boolean; allowDelete: boolean; allowVersioning: boolean; allowComments: boolean; }; description?: string; customMetadata?: Record<...>; }'.
        Property 'tags' is optional in type '{ name: string; category: FileCategory; permissions: { level: FilePermissionLevel; allowDownload: boolean; allowShare: boolean; allowDelete: boolean; allowVersioning: boolean; allowComments: boolean; }; description?: string; tags?: string[]; customMetadata?: Record<...>; }' but required in type '{ name: string; category: FileCategory; tags: string[]; permissions: { level: FilePermissionLevel; allowDownload: boolean; allowShare: boolean; allowDelete: boolean; allowVersioning: boolean; allowComments: boolean; }; description?: string; customMetadata?: Record<...>; }'.
src/components/file/FileMetadataEditor.tsx(159,28): error TS2339: Property 'customMetadata' does not exist on type 'ProjectFile'.
src/components/file/FileMetadataEditor.tsx(178,30): error TS2339: Property 'customMetadata' does not exist on type 'ProjectFile'.
src/components/file/FileMetadataEditor.tsx(235,9): error TS2739: Type 'Date' is missing the following properties from type 'Timestamp': seconds, nanoseconds, toDate, toMillis, isEqual
src/components/file/FileMetadataEditor.tsx(281,47): error TS2345: Argument of type '(data: FileMetadataFormData) => Promise<void>' is not assignable to parameter of type 'SubmitHandler<TFieldValues>'.
  Types of parameters 'data' and 'data' are incompatible.
    Type 'TFieldValues' is not assignable to type '{ name: string; category: FileCategory; tags: string[]; permissions: { level: FilePermissionLevel; allowDownload: boolean; allowShare: boolean; allowDelete: boolean; allowVersioning: boolean; allowComments: boolean; }; description?: string; customMetadata?: Record<...>; }'.
      Type 'FieldValues' is missing the following properties from type '{ name: string; category: FileCategory; tags: string[]; permissions: { level: FilePermissionLevel; allowDownload: boolean; allowShare: boolean; allowDelete: boolean; allowVersioning: boolean; allowComments: boolean; }; description?: string; customMetadata?: Record<...>; }': name, category, tags, permissions
src/components/file/FileMetadataEditor.tsx(285,19): error TS2322: Type 'Control<{ name: string; category: FileCategory; tags: string[]; permissions: { level: FilePermissionLevel; allowDownload: boolean; allowShare: boolean; allowDelete: boolean; allowVersioning: boolean; allowComments: boolean; }; description?: string; customMetadata?: Record<...>; }, any, TFieldValues>' is not assignable to type 'Control<{ name: string; category: FileCategory; tags: string[]; permissions: { level: FilePermissionLevel; allowDownload: boolean; allowShare: boolean; allowDelete: boolean; allowVersioning: boolean; allowComments: boolean; }; description?: string; customMetadata?: Record<...>; }, any, { ...; }>'.
  The types of '_options.formControl.handleSubmit' are incompatible between these types.
    Type 'UseFormHandleSubmit<{ name: string; category: FileCategory; tags: string[]; permissions: { level: FilePermissionLevel; allowDownload: boolean; allowShare: boolean; allowDelete: boolean; allowVersioning: boolean; allowComments: boolean; }; description?: string; customMetadata?: Record<...>; }, TFieldValues>' is not assignable to type 'UseFormHandleSubmit<{ name: string; category: FileCategory; tags: string[]; permissions: { level: FilePermissionLevel; allowDownload: boolean; allowShare: boolean; allowDelete: boolean; allowVersioning: boolean; allowComments: boolean; }; description?: string; customMetadata?: Record<...>; }, { ...; }>'.
      Types of parameters 'onValid' and 'onValid' are incompatible.
        Types of parameters 'data' and 'data' are incompatible.
          Type 'TFieldValues' is not assignable to type '{ name: string; category: FileCategory; tags: string[]; permissions: { level: FilePermissionLevel; allowDownload: boolean; allowShare: boolean; allowDelete: boolean; allowVersioning: boolean; allowComments: boolean; }; description?: string; customMetadata?: Record<...>; }'.
            Type 'FieldValues' is missing the following properties from type '{ name: string; category: FileCategory; tags: string[]; permissions: { level: FilePermissionLevel; allowDownload: boolean; allowShare: boolean; allowDelete: boolean; allowVersioning: boolean; allowComments: boolean; }; description?: string; customMetadata?: Record<...>; }': name, category, tags, permissions
src/components/file/FileMetadataEditor.tsx(300,19): error TS2322: Type 'Control<{ name: string; category: FileCategory; tags: string[]; permissions: { level: FilePermissionLevel; allowDownload: boolean; allowShare: boolean; allowDelete: boolean; allowVersioning: boolean; allowComments: boolean; }; description?: string; customMetadata?: Record<...>; }, any, TFieldValues>' is not assignable to type 'Control<{ name: string; category: FileCategory; tags: string[]; permissions: { level: FilePermissionLevel; allowDownload: boolean; allowShare: boolean; allowDelete: boolean; allowVersioning: boolean; allowComments: boolean; }; description?: string; customMetadata?: Record<...>; }, any, { ...; }>'.
  The types of '_options.formControl.handleSubmit' are incompatible between these types.
    Type 'UseFormHandleSubmit<{ name: string; category: FileCategory; tags: string[]; permissions: { level: FilePermissionLevel; allowDownload: boolean; allowShare: boolean; allowDelete: boolean; allowVersioning: boolean; allowComments: boolean; }; description?: string; customMetadata?: Record<...>; }, TFieldValues>' is not assignable to type 'UseFormHandleSubmit<{ name: string; category: FileCategory; tags: string[]; permissions: { level: FilePermissionLevel; allowDownload: boolean; allowShare: boolean; allowDelete: boolean; allowVersioning: boolean; allowComments: boolean; }; description?: string; customMetadata?: Record<...>; }, { ...; }>'.
      Types of parameters 'onValid' and 'onValid' are incompatible.
        Types of parameters 'data' and 'data' are incompatible.
          Type 'TFieldValues' is not assignable to type '{ name: string; category: FileCategory; tags: string[]; permissions: { level: FilePermissionLevel; allowDownload: boolean; allowShare: boolean; allowDelete: boolean; allowVersioning: boolean; allowComments: boolean; }; description?: string; customMetadata?: Record<...>; }'.
            Type 'FieldValues' is missing the following properties from type '{ name: string; category: FileCategory; tags: string[]; permissions: { level: FilePermissionLevel; allowDownload: boolean; allowShare: boolean; allowDelete: boolean; allowVersioning: boolean; allowComments: boolean; }; description?: string; customMetadata?: Record<...>; }': name, category, tags, permissions
src/components/file/FileMetadataEditor.tsx(323,19): error TS2322: Type 'Control<{ name: string; category: FileCategory; tags: string[]; permissions: { level: FilePermissionLevel; allowDownload: boolean; allowShare: boolean; allowDelete: boolean; allowVersioning: boolean; allowComments: boolean; }; description?: string; customMetadata?: Record<...>; }, any, TFieldValues>' is not assignable to type 'Control<{ name: string; category: FileCategory; tags: string[]; permissions: { level: FilePermissionLevel; allowDownload: boolean; allowShare: boolean; allowDelete: boolean; allowVersioning: boolean; allowComments: boolean; }; description?: string; customMetadata?: Record<...>; }, any, { ...; }>'.
  The types of '_options.formControl.handleSubmit' are incompatible between these types.
    Type 'UseFormHandleSubmit<{ name: string; category: FileCategory; tags: string[]; permissions: { level: FilePermissionLevel; allowDownload: boolean; allowShare: boolean; allowDelete: boolean; allowVersioning: boolean; allowComments: boolean; }; description?: string; customMetadata?: Record<...>; }, TFieldValues>' is not assignable to type 'UseFormHandleSubmit<{ name: string; category: FileCategory; tags: string[]; permissions: { level: FilePermissionLevel; allowDownload: boolean; allowShare: boolean; allowDelete: boolean; allowVersioning: boolean; allowComments: boolean; }; description?: string; customMetadata?: Record<...>; }, { ...; }>'.
      Types of parameters 'onValid' and 'onValid' are incompatible.
        Types of parameters 'data' and 'data' are incompatible.
          Type 'TFieldValues' is not assignable to type '{ name: string; category: FileCategory; tags: string[]; permissions: { level: FilePermissionLevel; allowDownload: boolean; allowShare: boolean; allowDelete: boolean; allowVersioning: boolean; allowComments: boolean; }; description?: string; customMetadata?: Record<...>; }'.
            Type 'FieldValues' is missing the following properties from type '{ name: string; category: FileCategory; tags: string[]; permissions: { level: FilePermissionLevel; allowDownload: boolean; allowShare: boolean; allowDelete: boolean; allowVersioning: boolean; allowComments: boolean; }; description?: string; customMetadata?: Record<...>; }': name, category, tags, permissions
src/components/file/FileMetadataEditor.tsx(431,19): error TS2322: Type 'Control<{ name: string; category: FileCategory; tags: string[]; permissions: { level: FilePermissionLevel; allowDownload: boolean; allowShare: boolean; allowDelete: boolean; allowVersioning: boolean; allowComments: boolean; }; description?: string; customMetadata?: Record<...>; }, any, TFieldValues>' is not assignable to type 'Control<{ name: string; category: FileCategory; tags: string[]; permissions: { level: FilePermissionLevel; allowDownload: boolean; allowShare: boolean; allowDelete: boolean; allowVersioning: boolean; allowComments: boolean; }; description?: string; customMetadata?: Record<...>; }, any, { ...; }>'.
  The types of '_options.formControl.handleSubmit' are incompatible between these types.
    Type 'UseFormHandleSubmit<{ name: string; category: FileCategory; tags: string[]; permissions: { level: FilePermissionLevel; allowDownload: boolean; allowShare: boolean; allowDelete: boolean; allowVersioning: boolean; allowComments: boolean; }; description?: string; customMetadata?: Record<...>; }, TFieldValues>' is not assignable to type 'UseFormHandleSubmit<{ name: string; category: FileCategory; tags: string[]; permissions: { level: FilePermissionLevel; allowDownload: boolean; allowShare: boolean; allowDelete: boolean; allowVersioning: boolean; allowComments: boolean; }; description?: string; customMetadata?: Record<...>; }, { ...; }>'.
      Types of parameters 'onValid' and 'onValid' are incompatible.
        Types of parameters 'data' and 'data' are incompatible.
          Type 'TFieldValues' is not assignable to type '{ name: string; category: FileCategory; tags: string[]; permissions: { level: FilePermissionLevel; allowDownload: boolean; allowShare: boolean; allowDelete: boolean; allowVersioning: boolean; allowComments: boolean; }; description?: string; customMetadata?: Record<...>; }'.
            Type 'FieldValues' is missing the following properties from type '{ name: string; category: FileCategory; tags: string[]; permissions: { level: FilePermissionLevel; allowDownload: boolean; allowShare: boolean; allowDelete: boolean; allowVersioning: boolean; allowComments: boolean; }; description?: string; customMetadata?: Record<...>; }': name, category, tags, permissions
src/components/file/FileMetadataEditor.tsx(475,25): error TS2322: Type 'Control<{ name: string; category: FileCategory; tags: string[]; permissions: { level: FilePermissionLevel; allowDownload: boolean; allowShare: boolean; allowDelete: boolean; allowVersioning: boolean; allowComments: boolean; }; description?: string; customMetadata?: Record<...>; }, any, TFieldValues>' is not assignable to type 'Control<{ name: string; category: FileCategory; tags: string[]; permissions: { level: FilePermissionLevel; allowDownload: boolean; allowShare: boolean; allowDelete: boolean; allowVersioning: boolean; allowComments: boolean; }; description?: string; customMetadata?: Record<...>; }, any, { ...; }>'.
  The types of '_options.formControl.handleSubmit' are incompatible between these types.
    Type 'UseFormHandleSubmit<{ name: string; category: FileCategory; tags: string[]; permissions: { level: FilePermissionLevel; allowDownload: boolean; allowShare: boolean; allowDelete: boolean; allowVersioning: boolean; allowComments: boolean; }; description?: string; customMetadata?: Record<...>; }, TFieldValues>' is not assignable to type 'UseFormHandleSubmit<{ name: string; category: FileCategory; tags: string[]; permissions: { level: FilePermissionLevel; allowDownload: boolean; allowShare: boolean; allowDelete: boolean; allowVersioning: boolean; allowComments: boolean; }; description?: string; customMetadata?: Record<...>; }, { ...; }>'.
      Types of parameters 'onValid' and 'onValid' are incompatible.
        Types of parameters 'data' and 'data' are incompatible.
          Type 'TFieldValues' is not assignable to type '{ name: string; category: FileCategory; tags: string[]; permissions: { level: FilePermissionLevel; allowDownload: boolean; allowShare: boolean; allowDelete: boolean; allowVersioning: boolean; allowComments: boolean; }; description?: string; customMetadata?: Record<...>; }'.
            Type 'FieldValues' is missing the following properties from type '{ name: string; category: FileCategory; tags: string[]; permissions: { level: FilePermissionLevel; allowDownload: boolean; allowShare: boolean; allowDelete: boolean; allowVersioning: boolean; allowComments: boolean; }; description?: string; customMetadata?: Record<...>; }': name, category, tags, permissions
src/components/file/FileMetadataEditor.tsx(567,74): error TS2322: Type 'unknown' is not assignable to type 'ReactNode'.
src/components/file/FileOrganizationDashboard.tsx(23,10): error TS2459: Module '"@/services/cloudinaryFolderService"' declares 'FileCategory' locally, but it is not exported.
src/components/file/FileOrganizationModal.tsx(12,8): error TS2307: Cannot find module '@/lib/shadcn/dialog' or its corresponding type declarations.
src/components/file/FileOrganizationModal.tsx(20,8): error TS2307: Cannot find module '@/lib/shadcn/form' or its corresponding type declarations.
src/components/file/FileOrganizationModal.tsx(21,24): error TS2307: Cannot find module '@/lib/shadcn/button' or its corresponding type declarations.
src/components/file/FileOrganizationModal.tsx(22,23): error TS2307: Cannot find module '@/lib/shadcn/input' or its corresponding type declarations.
src/components/file/FileOrganizationModal.tsx(23,26): error TS2307: Cannot find module '@/lib/shadcn/textarea' or its corresponding type declarations.
src/components/file/FileOrganizationModal.tsx(24,23): error TS2307: Cannot find module '@/lib/shadcn/badge' or its corresponding type declarations.
src/components/file/FileOrganizationModal.tsx(26,27): error TS2307: Cannot find module '@/lib/shadcn/separator' or its corresponding type declarations.
src/components/file/FileOrganizationModal.tsx(27,79): error TS2307: Cannot find module '@/lib/shadcn/select' or its corresponding type declarations.
src/components/file/FileOrganizationModal.tsx(86,5): error TS2322: Type 'Resolver<{ name: string; category: FileCategory; description?: string; tags?: string[]; folder?: string; }, any, { name: string; category: FileCategory; tags: string[]; description?: string; folder?: string; }>' is not assignable to type 'Resolver<{ name: string; category: FileCategory; tags: string[]; description?: string; folder?: string; }, any, { name: string; category: FileCategory; tags: string[]; description?: string; folder?: string; }>'.
  Types of parameters 'options' and 'options' are incompatible.
    Type 'ResolverOptions<{ name: string; category: FileCategory; tags: string[]; description?: string; folder?: string; }>' is not assignable to type 'ResolverOptions<{ name: string; category: FileCategory; description?: string; tags?: string[]; folder?: string; }>'.
      Type '{ name: string; category: FileCategory; description?: string; tags?: string[]; folder?: string; }' is not assignable to type '{ name: string; category: FileCategory; tags: string[]; description?: string; folder?: string; }'.
        Property 'tags' is optional in type '{ name: string; category: FileCategory; description?: string; tags?: string[]; folder?: string; }' but required in type '{ name: string; category: FileCategory; tags: string[]; description?: string; folder?: string; }'.
src/components/file/FileOrganizationModal.tsx(92,20): error TS2551: Property 'folderId' does not exist on type 'ProjectFile'. Did you mean 'folder'?
src/components/file/FileOrganizationModal.tsx(103,22): error TS2551: Property 'folderId' does not exist on type 'ProjectFile'. Did you mean 'folder'?
src/components/file/FileOrganizationModal.tsx(160,9): error TS2739: Type 'Date' is missing the following properties from type 'Timestamp': seconds, nanoseconds, toDate, toMillis, isEqual
src/components/file/FileOrganizationModal.tsx(202,45): error TS2345: Argument of type '(data: FileOrganizationFormData) => Promise<void>' is not assignable to parameter of type 'SubmitHandler<TFieldValues>'.
  Types of parameters 'data' and 'data' are incompatible.
    Type 'TFieldValues' is not assignable to type '{ name: string; category: FileCategory; tags: string[]; description?: string; folder?: string; }'.
      Type 'FieldValues' is missing the following properties from type '{ name: string; category: FileCategory; tags: string[]; description?: string; folder?: string; }': name, category, tags
src/components/files/EnhancedFileManager.tsx(83,9): error TS2741: Property 'uploaderName' is missing in type '{ id: string; name: string; size: number; type: string; uploaderId: string; uploadedAt: any; projectId: string; permissions: { level: any; allowDownload: true; allowShare: false; allowDelete: false; allowVersioning: true; allowComments: true; }; url: string; thumbnailUrl: string; }' but required in type 'ProjectFile'.
src/components/files/EnhancedFileManager.tsx(102,9): error TS2741: Property 'uploaderName' is missing in type '{ id: string; name: string; size: number; type: string; uploaderId: string; uploadedAt: any; projectId: string; permissions: { level: any; allowDownload: true; allowShare: true; allowDelete: true; allowVersioning: true; allowComments: true; }; url: string; }' but required in type 'ProjectFile'.
src/components/files/EnhancedFileManager.tsx(211,15): error TS2741: Property 'uploaderName' is missing in type '{ id: string; name: string; size: number; type: string; uploaderId: string; uploadedAt: any; projectId: string; permissions: FilePermissions; url: string; }' but required in type 'ProjectFile'.
src/components/loading/ComponentSkeletons.tsx(85,6): error TS2322: Type '{ children: Element; showImage: false; headerHeight: string; bodyLines: number; showFooter: true; footerHeight: string; stagger: true; variant: "shimmer"; }' is not assignable to type 'IntrinsicAttributes & { headerHeight?: string | number; bodyLines?: number; footerHeight?: string | number; className?: string; imageHeight?: string | number; showImage?: boolean; showFooter?: boolean; variant?: "default" | ... 2 more ... | "pulse"; stagger?: boolean; }'.
  Property 'children' does not exist on type 'IntrinsicAttributes & { headerHeight?: string | number; bodyLines?: number; footerHeight?: string | number; className?: string; imageHeight?: string | number; showImage?: boolean; showFooter?: boolean; variant?: "default" | ... 2 more ... | "pulse"; stagger?: boolean; }'.
src/components/loading/ComponentSkeletons.tsx(176,6): error TS2322: Type '{ children: Element; showImage: false; headerHeight: string; bodyLines: number; showFooter: false; }' is not assignable to type 'IntrinsicAttributes & { headerHeight?: string | number; bodyLines?: number; footerHeight?: string | number; className?: string; imageHeight?: string | number; showImage?: boolean; showFooter?: boolean; variant?: "default" | ... 2 more ... | "pulse"; stagger?: boolean; }'.
  Property 'children' does not exist on type 'IntrinsicAttributes & { headerHeight?: string | number; bodyLines?: number; footerHeight?: string | number; className?: string; imageHeight?: string | number; showImage?: boolean; showFooter?: boolean; variant?: "default" | ... 2 more ... | "pulse"; stagger?: boolean; }'.
src/components/loading/ComponentSkeletons.tsx(317,6): error TS2322: Type '{ children: Element; showImage: false; headerHeight: string; bodyLines: number; showFooter: false; }' is not assignable to type 'IntrinsicAttributes & { headerHeight?: string | number; bodyLines?: number; footerHeight?: string | number; className?: string; imageHeight?: string | number; showImage?: boolean; showFooter?: boolean; variant?: "default" | ... 2 more ... | "pulse"; stagger?: boolean; }'.
  Property 'children' does not exist on type 'IntrinsicAttributes & { headerHeight?: string | number; bodyLines?: number; footerHeight?: string | number; className?: string; imageHeight?: string | number; showImage?: boolean; showFooter?: boolean; variant?: "default" | ... 2 more ... | "pulse"; stagger?: boolean; }'.
src/components/loading/ComponentSkeletons.tsx(362,12): error TS2322: Type '{ children: Element; key: number; headerHeight: string; bodyLines: number; showFooter: false; }' is not assignable to type 'IntrinsicAttributes & { headerHeight?: string | number; bodyLines?: number; footerHeight?: string | number; className?: string; imageHeight?: string | number; showImage?: boolean; showFooter?: boolean; variant?: "default" | ... 2 more ... | "pulse"; stagger?: boolean; }'.
  Property 'children' does not exist on type 'IntrinsicAttributes & { headerHeight?: string | number; bodyLines?: number; footerHeight?: string | number; className?: string; imageHeight?: string | number; showImage?: boolean; showFooter?: boolean; variant?: "default" | ... 2 more ... | "pulse"; stagger?: boolean; }'.
src/components/loading/DashboardSkeleton.tsx(61,6): error TS2322: Type '{ children: Element; headerHeight: string; bodyLines: number; showFooter: false; className: string; }' is not assignable to type 'IntrinsicAttributes & { headerHeight?: string | number; bodyLines?: number; footerHeight?: string | number; className?: string; imageHeight?: string | number; showImage?: boolean; showFooter?: boolean; variant?: "default" | ... 2 more ... | "pulse"; stagger?: boolean; }'.
  Property 'children' does not exist on type 'IntrinsicAttributes & { headerHeight?: string | number; bodyLines?: number; footerHeight?: string | number; className?: string; imageHeight?: string | number; showImage?: boolean; showFooter?: boolean; variant?: "default" | ... 2 more ... | "pulse"; stagger?: boolean; }'.
src/components/loading/DashboardSkeleton.tsx(93,6): error TS2322: Type '{ children: Element; headerHeight: string; bodyLines: number; showFooter: false; className: string; }' is not assignable to type 'IntrinsicAttributes & { headerHeight?: string | number; bodyLines?: number; footerHeight?: string | number; className?: string; imageHeight?: string | number; showImage?: boolean; showFooter?: boolean; variant?: "default" | ... 2 more ... | "pulse"; stagger?: boolean; }'.
  Property 'children' does not exist on type 'IntrinsicAttributes & { headerHeight?: string | number; bodyLines?: number; footerHeight?: string | number; className?: string; imageHeight?: string | number; showImage?: boolean; showFooter?: boolean; variant?: "default" | ... 2 more ... | "pulse"; stagger?: boolean; }'.
src/components/loading/DashboardSkeleton.tsx(132,6): error TS2322: Type '{ children: Element; headerHeight: string; bodyLines: number; showFooter: false; }' is not assignable to type 'IntrinsicAttributes & { headerHeight?: string | number; bodyLines?: number; footerHeight?: string | number; className?: string; imageHeight?: string | number; showImage?: boolean; showFooter?: boolean; variant?: "default" | ... 2 more ... | "pulse"; stagger?: boolean; }'.
  Property 'children' does not exist on type 'IntrinsicAttributes & { headerHeight?: string | number; bodyLines?: number; footerHeight?: string | number; className?: string; imageHeight?: string | number; showImage?: boolean; showFooter?: boolean; variant?: "default" | ... 2 more ... | "pulse"; stagger?: boolean; }'.
src/components/loading/DashboardSkeleton.tsx(165,6): error TS2322: Type '{ children: Element; headerHeight: string; bodyLines: number; showFooter: false; className: string; }' is not assignable to type 'IntrinsicAttributes & { headerHeight?: string | number; bodyLines?: number; footerHeight?: string | number; className?: string; imageHeight?: string | number; showImage?: boolean; showFooter?: boolean; variant?: "default" | ... 2 more ... | "pulse"; stagger?: boolean; }'.
  Property 'children' does not exist on type 'IntrinsicAttributes & { headerHeight?: string | number; bodyLines?: number; footerHeight?: string | number; className?: string; imageHeight?: string | number; showImage?: boolean; showFooter?: boolean; variant?: "default" | ... 2 more ... | "pulse"; stagger?: boolean; }'.
src/components/loading/DashboardSkeleton.tsx(271,13): error TS2322: Type '{ key: number; height: string; className: string; style: { animationDelay: string; }; }' is not assignable to type 'IntrinsicAttributes & { className?: string; height?: string | number; showHeader?: boolean; }'.
  Property 'style' does not exist on type 'IntrinsicAttributes & { className?: string; height?: string | number; showHeader?: boolean; }'.
src/components/MigrationManager.tsx(2,95): error TS2307: Cannot find module '../../utils/projectMigrationService' or its corresponding type declarations.
src/components/navigation/HeaderContent.tsx(14,23): error TS2307: Cannot find module 'sonner' or its corresponding type declarations.
src/components/navigation/HeaderContent.tsx(141,36): error TS2339: Property 'avatar' does not exist on type 'User | User'.
  Property 'avatar' does not exist on type 'User'.
src/components/performance/OptimizedImage.tsx(7,10): error TS2305: Module '"@/utils/performance"' has no exported member 'useProgressiveImage'.
src/components/performance/OptimizedImage.tsx(7,31): error TS2305: Module '"@/utils/performance"' has no exported member 'useLazyImage'.
src/components/performance/OptimizedImage.tsx(7,45): error TS2305: Module '"@/utils/performance"' has no exported member 'CLOUDINARY_CONFIG'.
src/components/performance/PerformanceOptimizedCard.tsx(33,44): error TS2345: Argument of type '"content" | "layout" | "paint" | "strict" | "layout paint"' is not assignable to parameter of type 'ContainmentType'.
  Type '"layout paint"' is not assignable to type 'ContainmentType'.
src/components/PresenceAndTypingDemo.tsx(50,34): error TS2554: Expected 2 arguments, but got 1.
src/components/PresenceAndTypingDemo.tsx(51,22): error TS2345: Argument of type 'string[]' is not assignable to parameter of type 'SetStateAction<TypingIndicator[]>'.
  Type 'string[]' is not assignable to type 'TypingIndicator[]'.
    Type 'string' is not assignable to type 'TypingIndicator'.
src/components/profile/AvatarPreviewManager.tsx(21,23): error TS2307: Cannot find module 'sonner' or its corresponding type declarations.
src/components/profile/AvatarUploadSystem.tsx(22,23): error TS2307: Cannot find module 'sonner' or its corresponding type declarations.
src/components/profile/EmailNotificationPreferences.tsx(19,23): error TS2307: Cannot find module 'sonner' or its corresponding type declarations.
src/components/profile/EnhancedProfileEditor.tsx(44,23): error TS2307: Cannot find module 'sonner' or its corresponding type declarations.
src/components/profile/FallbackAvatarGenerator.tsx(22,23): error TS2307: Cannot find module 'sonner' or its corresponding type declarations.
src/components/profile/GDPRComplianceManager.tsx(19,23): error TS2307: Cannot find module 'sonner' or its corresponding type declarations.
src/components/profile/IntegratedAvatarUpload.tsx(16,23): error TS2307: Cannot find module 'sonner' or its corresponding type declarations.
src/components/profile/ProfileAuditTrail.tsx(23,23): error TS2307: Cannot find module 'sonner' or its corresponding type declarations.
src/components/profile/ProfileChangeNotificationSystem.tsx(24,23): error TS2307: Cannot find module 'sonner' or its corresponding type declarations.
src/components/profile/ProfileCompletenessWizard.tsx(25,23): error TS2307: Cannot find module 'sonner' or its corresponding type declarations.
src/components/profile/ProfileDeletionManager.tsx(23,23): error TS2307: Cannot find module 'sonner' or its corresponding type declarations.
src/components/profile/ProfileEditor.tsx(37,23): error TS2307: Cannot find module 'sonner' or its corresponding type declarations.
src/components/profile/ProfileExportImport.tsx(19,23): error TS2307: Cannot find module 'sonner' or its corresponding type declarations.
src/components/profile/ProfileManagementDashboard.tsx(18,23): error TS2307: Cannot find module 'sonner' or its corresponding type declarations.
src/components/profile/ProfileValidationSystem.tsx(24,23): error TS2307: Cannot find module 'sonner' or its corresponding type declarations.
src/components/profile/RoleBasedProfileEditor.tsx(36,23): error TS2307: Cannot find module 'sonner' or its corresponding type declarations.
src/components/project/ProjectCreationDialog.tsx(29,5): error TS2353: Object literal may only specify known properties, and 'required_error' does not exist in type '{ error?: string | $ZodErrorMap<$ZodIssueInvalidType<unknown>>; message?: string; }'.
src/components/project/ProjectCreationDialog.tsx(99,5): error TS2322: Type '"deliverables"' is not assignable to type '"teamMembers" | "initialTasks"'.
src/components/project/ProjectCreationDialog.tsx(605,56): error TS2345: Argument of type 'string' is not assignable to parameter of type '{ title: string; estimatedHours: number; priority: "high" | "low" | "medium" | "urgent"; assignedTo: string; description?: string; } | { name: string; role: string; email: string; } | ({ title: string; estimatedHours: number; priority: "high" | ... 2 more ... | "urgent"; assignedTo: string; description?: string; } |...'.
src/components/project/ProjectDetailsView.tsx(124,9): error TS2322: Type 'string' is not assignable to type 'ProjectStatus'.
src/components/project/ProjectWorkflow.tsx(183,42): error TS2367: This comparison appears to be unintentional because the types 'ProjectStatus' and '"active"' have no overlap.
src/components/project/ProjectWorkflow.tsx(184,45): error TS2367: This comparison appears to be unintentional because the types 'ProjectStatus' and '"completed"' have no overlap.
src/components/ui/bottom-sheet.tsx(69,11): error TS2430: Interface 'BottomSheetContentProps' incorrectly extends interface 'Omit<DialogContentProps & RefAttributes<HTMLDivElement>, "ref">'.
  Types of property 'onDragEnd' are incompatible.
    Type '(velocity: number) => void' is not assignable to type 'DragEventHandler<HTMLDivElement>'.
      Types of parameters 'velocity' and 'event' are incompatible.
        Type 'DragEvent<HTMLDivElement>' is not assignable to type 'number'.
src/components/ui/enhanced-modal-wrapper.tsx(79,7): error TS2322: Type '"default" | "solid" | "glass" | "minimal"' is not assignable to type '"default" | "glass" | "minimal"'.
  Type '"solid"' is not assignable to type '"default" | "glass" | "minimal"'.
src/components/ui/enhanced-modal-wrapper.tsx(80,7): error TS2322: Type '"auto" | "medium" | "full" | "half" | "fit" | "peek"' is not assignable to type '"auto" | "full" | "half" | "fit"'.
  Type '"medium"' is not assignable to type '"auto" | "full" | "half" | "fit"'.
src/components/ui/responsive-modal.tsx(106,31): error TS2322: Type '{ defaultChecked?: boolean; defaultValue?: string | number | readonly string[]; suppressContentEditableWarning?: boolean; suppressHydrationWarning?: boolean; accessKey?: string; autoCapitalize?: "none" | ... 5 more ... | (string & {}); ... 258 more ...; className: string; }' is not assignable to type 'IntrinsicAttributes & HTMLAttributes<HTMLDivElement>'.
  Property 'ref' does not exist on type 'IntrinsicAttributes & HTMLAttributes<HTMLDivElement>'.
src/components/ui/responsive-modal.tsx(109,24): error TS2322: Type '{ defaultChecked?: boolean; defaultValue?: string | number | readonly string[]; suppressContentEditableWarning?: boolean; suppressHydrationWarning?: boolean; accessKey?: string; autoCapitalize?: "none" | ... 5 more ... | (string & {}); ... 258 more ...; className: string; }' is not assignable to type 'IntrinsicAttributes & HTMLAttributes<HTMLDivElement>'.
  Property 'ref' does not exist on type 'IntrinsicAttributes & HTMLAttributes<HTMLDivElement>'.
src/components/ui/responsive-modal.tsx(121,31): error TS2322: Type '{ defaultChecked?: boolean; defaultValue?: string | number | readonly string[]; suppressContentEditableWarning?: boolean; suppressHydrationWarning?: boolean; accessKey?: string; autoCapitalize?: "none" | ... 5 more ... | (string & {}); ... 258 more ...; className: string; }' is not assignable to type 'IntrinsicAttributes & HTMLAttributes<HTMLDivElement>'.
  Property 'ref' does not exist on type 'IntrinsicAttributes & HTMLAttributes<HTMLDivElement>'.
src/components/ui/responsive-modal.tsx(124,24): error TS2322: Type '{ defaultChecked?: boolean; defaultValue?: string | number | readonly string[]; suppressContentEditableWarning?: boolean; suppressHydrationWarning?: boolean; accessKey?: string; autoCapitalize?: "none" | ... 5 more ... | (string & {}); ... 258 more ...; className: string; }' is not assignable to type 'IntrinsicAttributes & HTMLAttributes<HTMLDivElement>'.
  Property 'ref' does not exist on type 'IntrinsicAttributes & HTMLAttributes<HTMLDivElement>'.
src/contexts/AppContext.tsx(664,45): error TS2345: Argument of type 'ProjectCreationData' is not assignable to parameter of type 'Omit<Project, "id" | "createdAt" | "jobCards" | "updatedAt" | "projectNumber">'.
  Property 'status' is missing in type 'ProjectCreationData' but required in type 'Omit<Project, "id" | "createdAt" | "jobCards" | "updatedAt" | "projectNumber">'.
src/contexts/AppContext.tsx(766,5): error TS2353: Object literal may only specify known properties, and 'deleteProject' does not exist in type 'AppContextType'.
src/examples/DashboardAnalyticsDemo.tsx(50,7): error TS2353: Object literal may only specify known properties, and 'i' does not exist in type 'WidgetLayout'.
src/examples/DashboardAnalyticsDemo.tsx(51,7): error TS2353: Object literal may only specify known properties, and 'i' does not exist in type 'WidgetLayout'.
src/examples/DashboardAnalyticsDemo.tsx(52,7): error TS2353: Object literal may only specify known properties, and 'i' does not exist in type 'WidgetLayout'.
src/examples/DashboardAnalyticsDemo.tsx(53,7): error TS2353: Object literal may only specify known properties, and 'i' does not exist in type 'WidgetLayout'.
src/examples/DashboardEnhancementExample.tsx(184,9): error TS2353: Object literal may only specify known properties, and 'component' does not exist in type 'DashboardWidget'.
src/examples/DashboardEnhancementExample.tsx(184,44): error TS2307: Cannot find module '@/components/dashboard/widgets/AnalyticsWidget' or its corresponding type declarations.
src/examples/DashboardEnhancementExample.tsx(197,9): error TS2353: Object literal may only specify known properties, and 'component' does not exist in type 'DashboardWidget'.
src/examples/DashboardEnhancementExample.tsx(197,44): error TS2307: Cannot find module '@/components/dashboard/widgets/TimelineWidget' or its corresponding type declarations.
src/examples/DashboardEnhancementExample.tsx(210,9): error TS2353: Object literal may only specify known properties, and 'component' does not exist in type 'DashboardWidget'.
src/examples/DashboardEnhancementExample.tsx(210,44): error TS2307: Cannot find module '@/components/dashboard/widgets/TimerWidget' or its corresponding type declarations.
src/firebase.ts(9,27): error TS2339: Property 'VITE_API_KEY' does not exist on type 'ImportMetaEnv'.
src/firebase.ts(10,31): error TS2339: Property 'VITE_AUTH_DOMAIN' does not exist on type 'ImportMetaEnv'.
src/firebase.ts(11,30): error TS2339: Property 'VITE_PROJECT_ID' does not exist on type 'ImportMetaEnv'.
src/firebase.ts(12,34): error TS2339: Property 'VITE_STORAGE_BUCKET' does not exist on type 'ImportMetaEnv'.
src/firebase.ts(13,38): error TS2339: Property 'VITE_MESSAGING_SENDER_ID' does not exist on type 'ImportMetaEnv'.
src/firebase.ts(14,26): error TS2339: Property 'VITE_APP_ID' does not exist on type 'ImportMetaEnv'.
src/firebase.ts(18,27): error TS2339: Property 'VITE_API_KEY' does not exist on type 'ImportMetaEnv'.
src/firebase.ts(19,31): error TS2339: Property 'VITE_AUTH_DOMAIN' does not exist on type 'ImportMetaEnv'.
src/firebase.ts(20,30): error TS2339: Property 'VITE_PROJECT_ID' does not exist on type 'ImportMetaEnv'.
src/firebase.ts(21,34): error TS2339: Property 'VITE_STORAGE_BUCKET' does not exist on type 'ImportMetaEnv'.
src/firebase.ts(22,38): error TS2339: Property 'VITE_MESSAGING_SENDER_ID' does not exist on type 'ImportMetaEnv'.
src/firebase.ts(23,26): error TS2339: Property 'VITE_APP_ID' does not exist on type 'ImportMetaEnv'.
src/hooks/__mocks__/use-toast.ts(1,20): error TS2307: Cannot find module 'vitest' or its corresponding type declarations.
src/hooks/useCloudinaryUpload.ts(16,3): error TS2459: Module '"@/services/cloudinaryFolderService"' declares 'FileCategory' locally, but it is not exported.
src/network-helper.ts(92,78): error TS2339: Property 'VITE_API_KEY' does not exist on type 'ImportMetaEnv'.
src/network-helper.ts(93,81): error TS2339: Property 'VITE_PROJECT_ID' does not exist on type 'ImportMetaEnv'.
src/network-helper.ts(105,84): error TS2339: Property 'VITE_USE_FIREBASE_EMULATORS' does not exist on type 'ImportMetaEnv'.
src/network-helper.ts(334,82): error TS2339: Property 'VITE_API_KEY' does not exist on type 'ImportMetaEnv'.
src/network-helper.ts(357,85): error TS2339: Property 'VITE_PROJECT_ID' does not exist on type 'ImportMetaEnv'.
src/network-helper.ts(359,88): error TS2339: Property 'VITE_USE_FIREBASE_EMULATORS' does not exist on type 'ImportMetaEnv'.
src/network-helper.ts(392,89): error TS2339: Property 'VITE_STORAGE_BUCKET' does not exist on type 'ImportMetaEnv'.
src/pages/EnhancedDashboard.tsx(41,5): error TS2741: Property 'name' is missing in type '{ id: string; title: string; description: string; type: string; category: "analytics"; defaultW: number; defaultH: number; minW: number; minH: number; maxW: number; maxH: number; permissions: (UserRole.ADMIN | UserRole.FREELANCER)[]; }' but required in type 'DashboardWidget'.
src/pages/EnhancedDashboard.tsx(55,5): error TS2741: Property 'name' is missing in type '{ id: string; title: string; description: string; type: string; category: "projects"; defaultW: number; defaultH: number; minW: number; minH: number; maxW: number; maxH: number; permissions: UserRole[]; }' but required in type 'DashboardWidget'.
src/pages/EnhancedDashboard.tsx(69,5): error TS2741: Property 'name' is missing in type '{ id: string; title: string; description: string; type: string; category: "analytics"; defaultW: number; defaultH: number; minW: number; minH: number; maxW: number; maxH: number; permissions: UserRole.ADMIN[]; }' but required in type 'DashboardWidget'.
src/pages/EnhancedDashboard.tsx(83,5): error TS2741: Property 'name' is missing in type '{ id: string; title: string; description: string; type: string; category: "files"; defaultW: number; defaultH: number; minW: number; minH: number; maxW: number; maxH: number; permissions: UserRole[]; }' but required in type 'DashboardWidget'.
src/pages/EnhancedDashboard.tsx(97,5): error TS2741: Property 'name' is missing in type '{ id: string; title: string; description: string; type: string; category: "system"; defaultW: number; defaultH: number; minW: number; minH: number; maxW: number; maxH: number; permissions: UserRole[]; }' but required in type 'DashboardWidget'.
src/pages/EnhancedDashboard.tsx(111,5): error TS2741: Property 'name' is missing in type '{ id: string; title: string; description: string; type: string; category: "system"; defaultW: number; defaultH: number; minW: number; minH: number; maxW: number; maxH: number; permissions: (UserRole.ADMIN | UserRole.FREELANCER)[]; }' but required in type 'DashboardWidget'.
src/pages/EnhancedProfileEditorDemo.tsx(8,23): error TS2307: Cannot find module 'sonner' or its corresponding type declarations.
src/pages/EnhancedProfileEditorDemo.tsx(29,5): error TS2739: Type 'Date' is missing the following properties from type 'Timestamp': seconds, nanoseconds, toDate, toMillis, isEqual
src/pages/EnhancedProfileEditorDemo.tsx(30,5): error TS2739: Type 'Date' is missing the following properties from type 'Timestamp': seconds, nanoseconds, toDate, toMillis, isEqual
src/pages/EnhancedProfileEditorDemo.tsx(36,9): error TS2353: Object literal may only specify known properties, and 'push' does not exist in type '{ email: boolean; browser: boolean; timerAlerts: boolean; projectUpdates: boolean; messageReceived: boolean; }'.
src/pages/EnhancedProfileEditorDemo.tsx(51,5): error TS2739: Type 'Date' is missing the following properties from type 'Timestamp': seconds, nanoseconds, toDate, toMillis, isEqual
src/pages/EnhancedProfileEditorDemo.tsx(52,5): error TS2739: Type 'Date' is missing the following properties from type 'Timestamp': seconds, nanoseconds, toDate, toMillis, isEqual
src/pages/EnhancedProfileEditorDemo.tsx(57,9): error TS2353: Object literal may only specify known properties, and 'push' does not exist in type '{ email: boolean; browser: boolean; timerAlerts: boolean; projectUpdates: boolean; messageReceived: boolean; }'.
src/pages/EnhancedProfileEditorDemo.tsx(71,5): error TS2739: Type 'Date' is missing the following properties from type 'Timestamp': seconds, nanoseconds, toDate, toMillis, isEqual
src/pages/EnhancedProfileEditorDemo.tsx(72,5): error TS2739: Type 'Date' is missing the following properties from type 'Timestamp': seconds, nanoseconds, toDate, toMillis, isEqual
src/pages/EnhancedProfileEditorDemo.tsx(77,9): error TS2353: Object literal may only specify known properties, and 'push' does not exist in type '{ email: boolean; browser: boolean; timerAlerts: boolean; projectUpdates: boolean; messageReceived: boolean; }'.
src/pages/FreelancerDashboard.tsx(205,19): error TS2322: Type '"info"' is not assignable to type '"error" | "success" | "warning" | "primary"'.
src/pages/MessagingPage.tsx(198,37): error TS2339: Property 'VITE_WEBSOCKET_URL' does not exist on type 'ImportMetaEnv'.
src/pages/ProfilePage.tsx(21,23): error TS2307: Cannot find module 'sonner' or its corresponding type declarations.
src/Router.tsx(29,25): error TS2307: Cannot find module 'sonner' or its corresponding type declarations.
src/services/cloudinaryManagementService.ts(76,36): error TS2339: Property 'VITE_CLOUDINARY_API_KEY' does not exist on type 'ImportMetaEnv'.
src/services/cloudinaryManagementService.ts(77,39): error TS2339: Property 'VITE_CLOUDINARY_API_SECRET' does not exist on type 'ImportMetaEnv'.
src/services/cloudinaryManagementService.ts(169,9): error TS2739: Type '{ level: FilePermissionLevel; allowDownload: true; allowShare: boolean; allowVersioning: boolean; }' is missing the following properties from type 'FilePermissions': allowDelete, allowComments
src/services/cloudinaryManagementService.ts(362,5): error TS2739: Type '{ totalFiles: number; folderSizes: Record<string, number>; filesByCategory: Record<FileCategory, number>; filesByRole: Record<UserRole, number>; }' is missing the following properties from type '{ totalFiles: number; totalSize: number; folderBreakdown: Record<string, { files: number; size: number; }>; categoryBreakdown: Record<FileCategory, number>; }': totalSize, folderBreakdown, categoryBreakdown
src/services/fileMetadataService.ts(2,10): error TS2459: Module '"./cloudinaryFolderService"' declares 'FileCategory' locally, but it is not exported.
src/services/profileExportImportService.ts(193,11): error TS2322: Type 'any' is not assignable to type 'never'.
src/services/profileExportImportService.ts(196,11): error TS2322: Type 'any' is not assignable to type 'never'.
src/services/profileExportImportService.ts(394,7): error TS2322: Type 'string | number | boolean | string[] | Timestamp | { profileCompleted: boolean; skillsAdded: boolean; firstProjectAssigned: boolean; firstTimeLogged: boolean; completedAt?: Timestamp; } | { ...; }' is not assignable to type 'never'.
  Type 'string' is not assignable to type 'never'.
src/types/dashboard.ts(1,31): error TS2307: Cannot find module './types' or its corresponding type declarations.
src/utils/cloudinaryHelpers.ts(2,10): error TS2459: Module '"@/services/cloudinaryFolderService"' declares 'FileCategory' locally, but it is not exported.
src/utils/cloudinaryHelpers.ts(258,5): error TS2741: Property 'categoryBreakdown' is missing in type '{ quotaUsed: number; quotaLimit: number; totalFiles: number; totalSize: number; filesByCategory: Record<FileCategory, number>; recentFiles: ProjectFile[]; }' but required in type '{ totalFiles: number; totalSize: number; quotaUsed: number; quotaLimit: number; categoryBreakdown: Record<FileCategory, number>; }'.
src/utils/cspAwareCloudinaryService.ts(231,9): error TS2322: Type 'string' is not assignable to type 'FileCategory'.
src/utils/cspAwareCloudinaryService.ts(245,11): error TS2353: Object literal may only specify known properties, and 'cloudinaryPublicId' does not exist in type 'FileMetadata'.
src/utils/cspAwareCloudinaryService.ts(329,17): error TS2322: Type 'string' is not assignable to type 'FileCategory'.
src/utils/cspAwareCloudinaryService.ts(343,19): error TS2353: Object literal may only specify known properties, and 'storageProvider' does not exist in type 'FileMetadata'.
src/utils/DashboardAnalytics.ts(92,55): error TS2339: Property 'i' does not exist on type 'WidgetLayout'.
src/utils/fileAccessControl.ts(65,44): error TS2367: This comparison appears to be unintentional because the types 'UserRole.FREELANCER | UserRole.CLIENT' and 'UserRole.ADMIN' have no overlap.
src/utils/performance/cssOptimization.ts(73,67): error TS2345: Argument of type '"layout paint"' is not assignable to parameter of type 'ContainmentType'.
src/utils/performance/cssOptimization.ts(74,49): error TS2345: Argument of type '"layout paint"' is not assignable to parameter of type 'ContainmentType'.
src/utils/performance/cssOptimization.ts(92,58): error TS2345: Argument of type '"layout paint"' is not assignable to parameter of type 'ContainmentType'.
src/utils/performance/cssOptimization.ts(93,50): error TS2345: Argument of type '"layout paint"' is not assignable to parameter of type 'ContainmentType'.
utils/advancedFileManager.ts(37,33): error TS2769: No overload matches this call.
  Overload 1 of 4, '(value: string | number | Date): Date', gave the following error.
    Argument of type 'Timestamp' is not assignable to parameter of type 'string | number | Date'.
      Type 'Timestamp' is missing the following properties from type 'Date': toDateString, toTimeString, toLocaleDateString, toLocaleTimeString, and 36 more.
  Overload 2 of 4, '(value: string | number): Date', gave the following error.
    Argument of type 'Timestamp' is not assignable to parameter of type 'string | number'.
utils/advancedFileManager.ts(37,68): error TS2769: No overload matches this call.
  Overload 1 of 4, '(value: string | number | Date): Date', gave the following error.
    Argument of type 'Timestamp' is not assignable to parameter of type 'string | number | Date'.
      Type 'Timestamp' is missing the following properties from type 'Date': toDateString, toTimeString, toLocaleDateString, toLocaleTimeString, and 36 more.
  Overload 2 of 4, '(value: string | number): Date', gave the following error.
    Argument of type 'Timestamp' is not assignable to parameter of type 'string | number'.
utils/filePermissions.ts(3,80): error TS2367: This comparison appears to be unintentional because the types 'UserRole' and '"admin"' have no overlap.
