src/components/admin/ShadcnFileManagementDashboard.tsx(366,65): error TS2554: Expected 1 arguments, but got 2.
src/components/admin/ShadcnFileManagementDashboard.tsx(615,11): error TS2322: Type '{ id: string; name: string; parentId?: string; }[]' is not assignable to type 'FileFolder[]'.
  Type '{ id: string; name: string; parentId?: string; }' is missing the following properties from type 'FileFolder': projectId, createdAt, createdBy
src/components/admin/ShadcnUserManagementPage.tsx(77,34): error TS2339: Property 'deleteUser' does not exist on type 'AppContextType'.
src/components/admin/ShadcnUserManagementPage.tsx(161,20): error TS2345: Argument of type 'import("d:/a.7.1-s/src/types").UserRole' is not assignable to parameter of type 'number'.
  Type 'import("d:/a.7.1-s/src/types").UserRole' is not assignable to type 'number'.
src/components/admin/ShadcnUserManagementPage.tsx(286,42): error TS2339: Property 'companyInfo' does not exist on type '{ profileCompleted: boolean; skillsAdded: boolean; firstProjectAssigned: boolean; firstTimeLogged: boolean; completedAt?: Timestamp; }'.
src/components/admin/ShadcnUserManagementPage.tsx(287,39): error TS2339: Property 'companyInfo' does not exist on type '{ profileCompleted: boolean; skillsAdded: boolean; firstProjectAssigned: boolean; firstTimeLogged: boolean; completedAt?: Timestamp; }'.
src/components/admin/ShadcnUserManagementPage.tsx(333,25): error TS2322: Type 'string | { hourlyRate: number; currency: string; formatted: string; }' is not assignable to type 'ReactNode'.
  Type '{ hourlyRate: number; currency: string; formatted: string; }' is not assignable to type 'ReactNode'.
src/components/ChatInterfaceDemo.tsx(52,5): error TS2353: Object literal may only specify known properties, and 'senderId' does not exist in type 'Message'.
src/components/ChatInterfaceDemo.tsx(62,5): error TS2353: Object literal may only specify known properties, and 'senderId' does not exist in type 'Message'.
src/components/ChatInterfaceDemo.tsx(72,5): error TS2353: Object literal may only specify known properties, and 'senderId' does not exist in type 'Message'.
src/components/ChatInterfaceDemo.tsx(82,5): error TS2353: Object literal may only specify known properties, and 'senderId' does not exist in type 'Message'.
src/components/ChatInterfaceDemo.tsx(92,5): error TS2353: Object literal may only specify known properties, and 'senderId' does not exist in type 'Message'.
src/components/ChatInterfaceDemo.tsx(102,5): error TS2353: Object literal may only specify known properties, and 'senderId' does not exist in type 'Message'.
src/components/ChatInterfaceDemo.tsx(136,7): error TS2353: Object literal may only specify known properties, and 'senderId' does not exist in type 'Message'.
src/components/ChatInterfaceDemo.tsx(167,9): error TS2322: Type 'import("d:/a.7.1-s/src/types").Message[]' is not assignable to type 'import("d:/a.7.1-s/src/types/messaging").Message[]'.
  Type 'Message' is missing the following properties from type 'Message': senderId, senderName, senderRole, channelId, and 2 more.
src/components/dashboard/DashboardLayoutManager.tsx(64,21): error TS2339: Property 'defaultPosition' does not exist on type 'DashboardWidget'.
src/components/dashboard/DashboardLayoutManager.tsx(65,21): error TS2339: Property 'defaultPosition' does not exist on type 'DashboardWidget'.
src/components/dashboard/DashboardLayoutManager.tsx(66,24): error TS2339: Property 'minWidth' does not exist on type 'DashboardWidget'.
src/components/dashboard/DashboardLayoutManager.tsx(66,52): error TS2339: Property 'minWidth' does not exist on type 'DashboardWidget'.
src/components/dashboard/DashboardLayoutManager.tsx(67,24): error TS2339: Property 'minHeight' does not exist on type 'DashboardWidget'.
src/components/dashboard/DashboardLayoutManager.tsx(67,53): error TS2339: Property 'minHeight' does not exist on type 'DashboardWidget'.
src/components/dashboard/DashboardLayoutManager.tsx(68,24): error TS2339: Property 'maxWidth' does not exist on type 'DashboardWidget'.
src/components/dashboard/DashboardLayoutManager.tsx(68,52): error TS2339: Property 'maxWidth' does not exist on type 'DashboardWidget'.
src/components/dashboard/DashboardLayoutManager.tsx(69,24): error TS2339: Property 'maxHeight' does not exist on type 'DashboardWidget'.
src/components/dashboard/DashboardLayoutManager.tsx(69,53): error TS2339: Property 'maxHeight' does not exist on type 'DashboardWidget'.
src/components/dashboard/DashboardLayoutManager.tsx(142,17): error TS2339: Property 'defaultPosition' does not exist on type 'DashboardWidget'.
src/components/dashboard/DashboardLayoutManager.tsx(143,17): error TS2339: Property 'defaultPosition' does not exist on type 'DashboardWidget'.
src/components/dashboard/DashboardLayoutManager.tsx(144,20): error TS2339: Property 'minWidth' does not exist on type 'DashboardWidget'.
src/components/dashboard/DashboardLayoutManager.tsx(144,48): error TS2339: Property 'minWidth' does not exist on type 'DashboardWidget'.
src/components/dashboard/DashboardLayoutManager.tsx(145,20): error TS2339: Property 'minHeight' does not exist on type 'DashboardWidget'.
src/components/dashboard/DashboardLayoutManager.tsx(145,49): error TS2339: Property 'minHeight' does not exist on type 'DashboardWidget'.
src/components/dashboard/DashboardLayoutManager.tsx(146,20): error TS2339: Property 'maxWidth' does not exist on type 'DashboardWidget'.
src/components/dashboard/DashboardLayoutManager.tsx(146,48): error TS2339: Property 'maxWidth' does not exist on type 'DashboardWidget'.
src/components/dashboard/DashboardLayoutManager.tsx(147,20): error TS2339: Property 'maxHeight' does not exist on type 'DashboardWidget'.
src/components/dashboard/DashboardLayoutManager.tsx(147,49): error TS2339: Property 'maxHeight' does not exist on type 'DashboardWidget'.
src/components/dashboard/DashboardWidgets.tsx(20,41): error TS2322: Type 'Promise<typeof import("d:/a.7.1-s/src/components/dashboard/widgets/RecentActivityWidget")>' is not assignable to type 'Promise<{ default: ComponentType<any>; }>'.
  Property 'default' is missing in type 'typeof import("d:/a.7.1-s/src/components/dashboard/widgets/RecentActivityWidget")' but required in type '{ default: ComponentType<any>; }'.
src/components/dashboard/EnhancedDashboardWidget.tsx(7,41): error TS2305: Module '"../../types/dashboard"' has no exported member 'WidgetProps'.
src/components/dashboard/EnhancedDashboardWidget.tsx(7,54): error TS2305: Module '"../../types/dashboard"' has no exported member 'WidgetError'.
src/components/dashboard/EnhancedDashboardWidget.tsx(149,34): error TS2339: Property 'component' does not exist on type 'DashboardWidget'.
src/components/dashboard/ResizableWidgetContainer.tsx(4,41): error TS2305: Module '"../../types/dashboard"' has no exported member 'WidgetError'.
src/components/dashboard/WidgetConfigurationPanel.tsx(63,23): error TS2339: Property 'w' does not exist on type 'DashboardWidget'.
src/components/dashboard/WidgetConfigurationPanel.tsx(63,40): error TS2339: Property 'h' does not exist on type 'DashboardWidget'.
src/components/dashboard/WidgetConfigurationPanel.tsx(64,47): error TS2345: Argument of type 'DashboardWidget' is not assignable to parameter of type 'EnhancedDashboardWidget'.
  Type 'DashboardWidget' is missing the following properties from type 'EnhancedDashboardWidget': x, y, w, h
src/components/dashboard/WidgetConfigurationPanel.tsx(64,72): error TS2339: Property 'w' does not exist on type 'DashboardWidget'.
src/components/dashboard/WidgetConfigurationPanel.tsx(64,87): error TS2339: Property 'h' does not exist on type 'DashboardWidget'.
src/components/dashboard/WidgetConfigurationPanel.tsx(78,23): error TS2339: Property 'widgetPermissions' does not exist on type 'DashboardWidget'.
src/components/dashboard/WidgetConfigurationPanel.tsx(79,67): error TS2339: Property 'widgetPermissions' does not exist on type 'DashboardWidget'.
src/components/dashboard/WidgetConfigurationPanel.tsx(113,17): error TS2339: Property 'widgetPermissions' does not exist on type 'DashboardWidget'.
src/components/dashboard/WidgetConfigurationPanel.tsx(114,21): error TS2339: Property 'widgetPermissions' does not exist on type 'DashboardWidget'.
src/components/dashboard/WidgetConfigurationPanel.tsx(315,68): error TS2339: Property 'w' does not exist on type 'DashboardWidget'.
src/components/dashboard/WidgetConfigurationPanel.tsx(319,68): error TS2339: Property 'h' does not exist on type 'DashboardWidget'.
src/components/dashboard/WidgetConfigurationPanel.tsx(337,44): error TS2339: Property 'widgetPermissions' does not exist on type 'DashboardWidget'.
src/components/dashboard/WidgetConfigurationPanel.tsx(339,58): error TS2339: Property 'widgetPermissions' does not exist on type 'DashboardWidget'.
src/components/dashboard/WidgetConfigurationPanel.tsx(363,42): error TS2339: Property 'widgetPermissions' does not exist on type 'DashboardWidget'.
src/components/dashboard/WidgetConfigurationPanel.tsx(364,69): error TS2345: Argument of type '"allowEdit"' is not assignable to parameter of type 'keyof WidgetPermissions'.
src/components/dashboard/WidgetConfigurationPanel.tsx(375,42): error TS2339: Property 'widgetPermissions' does not exist on type 'DashboardWidget'.
src/components/dashboard/WidgetConfigurationPanel.tsx(376,69): error TS2345: Argument of type '"allowDelete"' is not assignable to parameter of type 'keyof WidgetPermissions'.
src/components/dashboard/WidgetConfigurationPanel.tsx(387,42): error TS2339: Property 'widgetPermissions' does not exist on type 'DashboardWidget'.
src/components/dashboard/WidgetConfigurationPanel.tsx(388,69): error TS2345: Argument of type '"allowShare"' is not assignable to parameter of type 'keyof WidgetPermissions'.
src/components/dashboard/WidgetConfigurationPanel.tsx(399,42): error TS2339: Property 'widgetPermissions' does not exist on type 'DashboardWidget'.
src/components/dashboard/WidgetConfigurationPanel.tsx(400,69): error TS2345: Argument of type '"allowExport"' is not assignable to parameter of type 'keyof WidgetPermissions'.
src/components/dashboard/WidgetConfigurationPanel.tsx(415,44): error TS2339: Property 'refreshInterval' does not exist on type 'WidgetConfig'.
src/components/dashboard/WidgetConfigurationPanel.tsx(416,47): error TS2345: Argument of type '"refreshInterval"' is not assignable to parameter of type 'keyof WidgetConfig'.
src/components/dashboard/WidgetConfigurationPanel.tsx(426,44): error TS2339: Property 'dataSource' does not exist on type 'WidgetConfig'.
src/components/dashboard/WidgetConfigurationPanel.tsx(427,47): error TS2345: Argument of type '"dataSource"' is not assignable to parameter of type 'keyof WidgetConfig'.
src/components/dashboard/WidgetConfigurationPanel.tsx(444,50): error TS2339: Property 'displayOptions' does not exist on type 'WidgetConfig'.
src/components/dashboard/WidgetConfigurationPanel.tsx(445,64): error TS2345: Argument of type '"displayOptions"' is not assignable to parameter of type 'keyof WidgetConfig'.
src/components/dashboard/WidgetConfigurationPanel.tsx(446,46): error TS2339: Property 'displayOptions' does not exist on type 'WidgetConfig'.
src/components/dashboard/WidgetConfigurationPanel.tsx(459,50): error TS2339: Property 'displayOptions' does not exist on type 'WidgetConfig'.
src/components/dashboard/WidgetConfigurationPanel.tsx(460,64): error TS2345: Argument of type '"displayOptions"' is not assignable to parameter of type 'keyof WidgetConfig'.
src/components/dashboard/WidgetConfigurationPanel.tsx(461,46): error TS2339: Property 'displayOptions' does not exist on type 'WidgetConfig'.
src/components/dashboard/WidgetConfigurationPanel.tsx(474,50): error TS2339: Property 'displayOptions' does not exist on type 'WidgetConfig'.
src/components/dashboard/WidgetConfigurationPanel.tsx(475,64): error TS2345: Argument of type '"displayOptions"' is not assignable to parameter of type 'keyof WidgetConfig'.
src/components/dashboard/WidgetConfigurationPanel.tsx(476,46): error TS2339: Property 'displayOptions' does not exist on type 'WidgetConfig'.
src/components/dashboards/admin/app-sidebar.tsx(20,8): error TS2307: Cannot find module '@tabler/icons-react' or its corresponding type declarations.
src/components/dashboards/admin/app-sidebar.tsx(23,25): error TS2307: Cannot find module '@/components/dashboards/admin/nav-main' or its corresponding type declarations.
src/components/dashboards/admin/app-sidebar.tsx(24,30): error TS2307: Cannot find module '@/components/dashboards/admin/nav-secondary' or its corresponding type declarations.
src/components/dashboards/admin/app-sidebar.tsx(25,25): error TS2307: Cannot find module '@/components/dashboards/admin/nav-user' or its corresponding type declarations.
src/components/dashboards/admin/nav-documents.tsx(9,8): error TS2307: Cannot find module '@tabler/icons-react' or its corresponding type declarations.
src/components/dashboards/admin/nav-documents.tsx(75,35): error TS2322: Type '{ children: Element[]; variant: string; }' is not assignable to type 'IntrinsicAttributes & Omit<DropdownMenuItemProps & RefAttributes<HTMLDivElement>, "ref"> & { ...; } & RefAttributes<...>'.
  Property 'variant' does not exist on type 'IntrinsicAttributes & Omit<DropdownMenuItemProps & RefAttributes<HTMLDivElement>, "ref"> & { ...; } & RefAttributes<...>'.
src/components/dashboards/app-sidebar.tsx(20,8): error TS2307: Cannot find module '@tabler/icons-react' or its corresponding type declarations.
src/components/dashboards/app-sidebar.tsx(22,30): error TS2307: Cannot find module '@/components/dashboards/nav-documents' or its corresponding type declarations.
src/components/dashboards/app-sidebar.tsx(23,25): error TS2307: Cannot find module '@/components/dashboards/nav-main' or its corresponding type declarations.
src/components/dashboards/app-sidebar.tsx(24,30): error TS2307: Cannot find module '@/components/dashboards/nav-secondary' or its corresponding type declarations.
src/components/dashboards/app-sidebar.tsx(25,25): error TS2307: Cannot find module '@/components/dashboards/nav-user' or its corresponding type declarations.
src/components/demos/FormEnhancementsDemo.tsx(126,7): error TS2322: Type 'string' is not assignable to type 'boolean'.
src/components/demos/FormEnhancementsDemo.tsx(156,7): error TS2322: Type 'string' is not assignable to type 'boolean'.
src/components/file/EnhancedFileSearch.tsx(9,8): error TS2307: Cannot find module '@/lib/shadcn/command' or its corresponding type declarations.
src/components/file/EnhancedFileSearch.tsx(14,8): error TS2307: Cannot find module '@/lib/shadcn/popover' or its corresponding type declarations.
src/components/file/EnhancedFileSearch.tsx(15,24): error TS2307: Cannot find module '@/lib/shadcn/button' or its corresponding type declarations.
src/components/file/EnhancedFileSearch.tsx(16,23): error TS2307: Cannot find module '@/lib/shadcn/badge' or its corresponding type declarations.
src/components/file/EnhancedFileSearch.tsx(17,23): error TS2307: Cannot find module '@/lib/shadcn/input' or its corresponding type declarations.
src/components/file/EnhancedFileSearch.tsx(18,35): error TS2307: Cannot find module '@/lib/shadcn/card' or its corresponding type declarations.
src/components/file/EnhancedFileSearch.tsx(19,27): error TS2307: Cannot find module '@/lib/shadcn/separator' or its corresponding type declarations.
src/components/file/EnhancedFileSearch.tsx(26,8): error TS2307: Cannot find module '@/lib/shadcn/select' or its corresponding type declarations.
src/components/file/EnhancedFileSearch.tsx(45,10): error TS2459: Module '"@/services/cloudinaryFolderService"' declares 'FileCategory' locally, but it is not exported.
src/components/file/EnhancedFileSearch.tsx(177,51): error TS2367: This comparison appears to be unintentional because the types '"TODAY" | "WEEK" | "MONTH" | "YEAR"' and '"OLDER"' have no overlap.
src/components/file/EnhancedFileSearch.tsx(199,44): error TS2551: Property 'folderId' does not exist on type 'ProjectFile'. Did you mean 'folder'?
src/components/file/EnhancedFileSearch.tsx(334,39): error TS2339: Property 'replace' does not exist on type 'unknown'.
src/components/file/EnhancedFileSearch.tsx(410,37): error TS2339: Property 'replace' does not exist on type 'unknown'.
src/components/file/EnhancedFileUploadModal.tsx(107,5): error TS2322: Type 'Resolver<{ category: "IMAGES" | "DOCUMENTS" | "ARCHIVES" | "OTHER"; permissions: { level: FilePermissionLevel; allowDownload?: boolean; allowShare?: boolean; allowDelete?: boolean; allowVersioning?: boolean; allowComments?: boolean; }; description?: string; tags?: string[]; }, any, { ...; }>' is not assignable to type 'Resolver<{ category: "IMAGES" | "DOCUMENTS" | "ARCHIVES" | "OTHER"; tags: string[]; permissions: { level: FilePermissionLevel; allowDownload: boolean; allowShare: boolean; allowDelete: boolean; allowVersioning: boolean; allowComments: boolean; }; description?: string; }, any, { ...; }>'.
  Types of parameters 'options' and 'options' are incompatible.
    Type 'ResolverOptions<{ category: "IMAGES" | "DOCUMENTS" | "ARCHIVES" | "OTHER"; tags: string[]; permissions: { level: FilePermissionLevel; allowDownload: boolean; allowShare: boolean; allowDelete: boolean; allowVersioning: boolean; allowComments: boolean; }; description?: string; }>' is not assignable to type 'ResolverOptions<{ category: "IMAGES" | "DOCUMENTS" | "ARCHIVES" | "OTHER"; permissions: { level: FilePermissionLevel; allowDownload?: boolean; allowShare?: boolean; allowDelete?: boolean; allowVersioning?: boolean; allowComments?: boolean; }; description?: string; tags?: string[]; }>'.
      Type '{ category: "IMAGES" | "DOCUMENTS" | "ARCHIVES" | "OTHER"; permissions: { level: FilePermissionLevel; allowDownload?: boolean; allowShare?: boolean; allowDelete?: boolean; allowVersioning?: boolean; allowComments?: boolean; }; description?: string; tags?: string[]; }' is not assignable to type '{ category: "IMAGES" | "DOCUMENTS" | "ARCHIVES" | "OTHER"; tags: string[]; permissions: { level: FilePermissionLevel; allowDownload: boolean; allowShare: boolean; allowDelete: boolean; allowVersioning: boolean; allowComments: boolean; }; description?: string; }'.
        Property 'tags' is optional in type '{ category: "IMAGES" | "DOCUMENTS" | "ARCHIVES" | "OTHER"; permissions: { level: FilePermissionLevel; allowDownload?: boolean; allowShare?: boolean; allowDelete?: boolean; allowVersioning?: boolean; allowComments?: boolean; }; description?: string; tags?: string[]; }' but required in type '{ category: "IMAGES" | "DOCUMENTS" | "ARCHIVES" | "OTHER"; tags: string[]; permissions: { level: FilePermissionLevel; allowDownload: boolean; allowShare: boolean; allowDelete: boolean; allowVersioning: boolean; allowComments: boolean; }; description?: string; }'.
src/components/file/EnhancedFileUploadModal.tsx(113,36): error TS2339: Property 'PROJECT_MEMBERS' does not exist on type 'typeof FilePermissionLevel'.
src/components/file/EnhancedFileUploadModal.tsx(187,34): error TS2554: Expected 3-5 arguments, but got 2.
src/components/file/EnhancedFileUploadModal.tsx(193,26): error TS2339: Property 'public_id' does not exist on type 'ProjectFile'.
src/components/file/EnhancedFileUploadModal.tsx(195,27): error TS2339: Property 'secure_url' does not exist on type 'ProjectFile'.
src/components/file/EnhancedFileUploadModal.tsx(200,9): error TS2322: Type 'string' is not assignable to type 'Timestamp'.
src/components/file/EnhancedFileUploadModal.tsx(202,9): error TS2322: Type '"IMAGES" | "DOCUMENTS" | "ARCHIVES" | "OTHER"' is not assignable to type 'FileCategory'.
  Type '"IMAGES"' is not assignable to type 'FileCategory'.
src/components/file/EnhancedFileUploadModal.tsx(234,36): error TS2345: Argument of type '(data: FileUploadFormData) => Promise<void>' is not assignable to parameter of type 'SubmitHandler<TFieldValues>'.
  Types of parameters 'data' and 'data' are incompatible.
    Type 'TFieldValues' is not assignable to type '{ category: "IMAGES" | "DOCUMENTS" | "ARCHIVES" | "OTHER"; tags: string[]; permissions: { level: FilePermissionLevel; allowDownload: boolean; allowShare: boolean; allowDelete: boolean; allowVersioning: boolean; allowComments: boolean; }; description?: string; }'.
      Type 'FieldValues' is missing the following properties from type '{ category: "IMAGES" | "DOCUMENTS" | "ARCHIVES" | "OTHER"; tags: string[]; permissions: { level: FilePermissionLevel; allowDownload: boolean; allowShare: boolean; allowDelete: boolean; allowVersioning: boolean; allowComments: boolean; }; description?: string; }': category, tags, permissions
src/components/file/EnhancedFileUploadModal.tsx(267,43): error TS2345: Argument of type '(data: FileUploadFormData) => Promise<void>' is not assignable to parameter of type 'SubmitHandler<TFieldValues>'.
  Types of parameters 'data' and 'data' are incompatible.
    Type 'TFieldValues' is not assignable to type '{ category: "IMAGES" | "DOCUMENTS" | "ARCHIVES" | "OTHER"; tags: string[]; permissions: { level: FilePermissionLevel; allowDownload: boolean; allowShare: boolean; allowDelete: boolean; allowVersioning: boolean; allowComments: boolean; }; description?: string; }'.
      Type 'FieldValues' is missing the following properties from type '{ category: "IMAGES" | "DOCUMENTS" | "ARCHIVES" | "OTHER"; tags: string[]; permissions: { level: FilePermissionLevel; allowDownload: boolean; allowShare: boolean; allowDelete: boolean; allowVersioning: boolean; allowComments: boolean; }; description?: string; }': category, tags, permissions
src/components/file/EnhancedFileUploadModal.tsx(337,27): error TS2322: Type 'Record<string, FileUploadProgress>' is not assignable to type 'ReactNode'.
  Type 'Record<string, FileUploadProgress>' is missing the following properties from type 'ReactPortal': children, type, props, key
src/components/file/EnhancedFileUploadModal.tsx(339,29): error TS2322: Type 'Record<string, FileUploadProgress>' is not assignable to type 'number'.
src/components/file/EnhancedFileUploadModal.tsx(357,17): error TS2322: Type 'Control<{ category: "IMAGES" | "DOCUMENTS" | "ARCHIVES" | "OTHER"; tags: string[]; permissions: { level: FilePermissionLevel; allowDownload: boolean; allowShare: boolean; allowDelete: boolean; allowVersioning: boolean; allowComments: boolean; }; description?: string; }, any, TFieldValues>' is not assignable to type 'Control<{ category: "IMAGES" | "DOCUMENTS" | "ARCHIVES" | "OTHER"; tags: string[]; permissions: { level: FilePermissionLevel; allowDownload: boolean; allowShare: boolean; allowDelete: boolean; allowVersioning: boolean; allowComments: boolean; }; description?: string; }, any, { ...; }>'.
  The types of '_options.formControl.handleSubmit' are incompatible between these types.
    Type 'UseFormHandleSubmit<{ category: "IMAGES" | "DOCUMENTS" | "ARCHIVES" | "OTHER"; tags: string[]; permissions: { level: FilePermissionLevel; allowDownload: boolean; allowShare: boolean; allowDelete: boolean; allowVersioning: boolean; allowComments: boolean; }; description?: string; }, TFieldValues>' is not assignable to type 'UseFormHandleSubmit<{ category: "IMAGES" | "DOCUMENTS" | "ARCHIVES" | "OTHER"; tags: string[]; permissions: { level: FilePermissionLevel; allowDownload: boolean; allowShare: boolean; allowDelete: boolean; allowVersioning: boolean; allowComments: boolean; }; description?: string; }, { ...; }>'.
      Types of parameters 'onValid' and 'onValid' are incompatible.
        Types of parameters 'data' and 'data' are incompatible.
          Type 'TFieldValues' is not assignable to type '{ category: "IMAGES" | "DOCUMENTS" | "ARCHIVES" | "OTHER"; tags: string[]; permissions: { level: FilePermissionLevel; allowDownload: boolean; allowShare: boolean; allowDelete: boolean; allowVersioning: boolean; allowComments: boolean; }; description?: string; }'.
            Type 'FieldValues' is missing the following properties from type '{ category: "IMAGES" | "DOCUMENTS" | "ARCHIVES" | "OTHER"; tags: string[]; permissions: { level: FilePermissionLevel; allowDownload: boolean; allowShare: boolean; allowDelete: boolean; allowVersioning: boolean; allowComments: boolean; }; description?: string; }': category, tags, permissions
src/components/file/EnhancedFileUploadModal.tsx(376,17): error TS2322: Type 'Control<{ category: "IMAGES" | "DOCUMENTS" | "ARCHIVES" | "OTHER"; tags: string[]; permissions: { level: FilePermissionLevel; allowDownload: boolean; allowShare: boolean; allowDelete: boolean; allowVersioning: boolean; allowComments: boolean; }; description?: string; }, any, TFieldValues>' is not assignable to type 'Control<{ category: "IMAGES" | "DOCUMENTS" | "ARCHIVES" | "OTHER"; tags: string[]; permissions: { level: FilePermissionLevel; allowDownload: boolean; allowShare: boolean; allowDelete: boolean; allowVersioning: boolean; allowComments: boolean; }; description?: string; }, any, { ...; }>'.
  The types of '_options.formControl.handleSubmit' are incompatible between these types.
    Type 'UseFormHandleSubmit<{ category: "IMAGES" | "DOCUMENTS" | "ARCHIVES" | "OTHER"; tags: string[]; permissions: { level: FilePermissionLevel; allowDownload: boolean; allowShare: boolean; allowDelete: boolean; allowVersioning: boolean; allowComments: boolean; }; description?: string; }, TFieldValues>' is not assignable to type 'UseFormHandleSubmit<{ category: "IMAGES" | "DOCUMENTS" | "ARCHIVES" | "OTHER"; tags: string[]; permissions: { level: FilePermissionLevel; allowDownload: boolean; allowShare: boolean; allowDelete: boolean; allowVersioning: boolean; allowComments: boolean; }; description?: string; }, { ...; }>'.
      Types of parameters 'onValid' and 'onValid' are incompatible.
        Types of parameters 'data' and 'data' are incompatible.
          Type 'TFieldValues' is not assignable to type '{ category: "IMAGES" | "DOCUMENTS" | "ARCHIVES" | "OTHER"; tags: string[]; permissions: { level: FilePermissionLevel; allowDownload: boolean; allowShare: boolean; allowDelete: boolean; allowVersioning: boolean; allowComments: boolean; }; description?: string; }'.
            Type 'FieldValues' is missing the following properties from type '{ category: "IMAGES" | "DOCUMENTS" | "ARCHIVES" | "OTHER"; tags: string[]; permissions: { level: FilePermissionLevel; allowDownload: boolean; allowShare: boolean; allowDelete: boolean; allowVersioning: boolean; allowComments: boolean; }; description?: string; }': category, tags, permissions
src/components/file/EnhancedFileUploadModal.tsx(428,17): error TS2322: Type 'Control<{ category: "IMAGES" | "DOCUMENTS" | "ARCHIVES" | "OTHER"; tags: string[]; permissions: { level: FilePermissionLevel; allowDownload: boolean; allowShare: boolean; allowDelete: boolean; allowVersioning: boolean; allowComments: boolean; }; description?: string; }, any, TFieldValues>' is not assignable to type 'Control<{ category: "IMAGES" | "DOCUMENTS" | "ARCHIVES" | "OTHER"; tags: string[]; permissions: { level: FilePermissionLevel; allowDownload: boolean; allowShare: boolean; allowDelete: boolean; allowVersioning: boolean; allowComments: boolean; }; description?: string; }, any, { ...; }>'.
  The types of '_options.formControl.handleSubmit' are incompatible between these types.
    Type 'UseFormHandleSubmit<{ category: "IMAGES" | "DOCUMENTS" | "ARCHIVES" | "OTHER"; tags: string[]; permissions: { level: FilePermissionLevel; allowDownload: boolean; allowShare: boolean; allowDelete: boolean; allowVersioning: boolean; allowComments: boolean; }; description?: string; }, TFieldValues>' is not assignable to type 'UseFormHandleSubmit<{ category: "IMAGES" | "DOCUMENTS" | "ARCHIVES" | "OTHER"; tags: string[]; permissions: { level: FilePermissionLevel; allowDownload: boolean; allowShare: boolean; allowDelete: boolean; allowVersioning: boolean; allowComments: boolean; }; description?: string; }, { ...; }>'.
      Types of parameters 'onValid' and 'onValid' are incompatible.
        Types of parameters 'data' and 'data' are incompatible.
          Type 'TFieldValues' is not assignable to type '{ category: "IMAGES" | "DOCUMENTS" | "ARCHIVES" | "OTHER"; tags: string[]; permissions: { level: FilePermissionLevel; allowDownload: boolean; allowShare: boolean; allowDelete: boolean; allowVersioning: boolean; allowComments: boolean; }; description?: string; }'.
            Type 'FieldValues' is missing the following properties from type '{ category: "IMAGES" | "DOCUMENTS" | "ARCHIVES" | "OTHER"; tags: string[]; permissions: { level: FilePermissionLevel; allowDownload: boolean; allowShare: boolean; allowDelete: boolean; allowVersioning: boolean; allowComments: boolean; }; description?: string; }': category, tags, permissions
src/components/file/EnhancedFileUploadModal.tsx(440,64): error TS2339: Property 'PUBLIC' does not exist on type 'typeof FilePermissionLevel'.
src/components/file/EnhancedFileUploadModal.tsx(441,64): error TS2339: Property 'PROJECT_MEMBERS' does not exist on type 'typeof FilePermissionLevel'.
src/components/file/EnhancedFileUploadModal.tsx(442,64): error TS2339: Property 'TEAM_ONLY' does not exist on type 'typeof FilePermissionLevel'.
src/components/file/EnhancedFileUploadModal.tsx(443,64): error TS2339: Property 'PRIVATE' does not exist on type 'typeof FilePermissionLevel'.
src/components/file/EnhancedFileUploadModal.tsx(453,19): error TS2322: Type 'Control<{ category: "IMAGES" | "DOCUMENTS" | "ARCHIVES" | "OTHER"; tags: string[]; permissions: { level: FilePermissionLevel; allowDownload: boolean; allowShare: boolean; allowDelete: boolean; allowVersioning: boolean; allowComments: boolean; }; description?: string; }, any, TFieldValues>' is not assignable to type 'Control<{ category: "IMAGES" | "DOCUMENTS" | "ARCHIVES" | "OTHER"; tags: string[]; permissions: { level: FilePermissionLevel; allowDownload: boolean; allowShare: boolean; allowDelete: boolean; allowVersioning: boolean; allowComments: boolean; }; description?: string; }, any, { ...; }>'.
  The types of '_options.formControl.handleSubmit' are incompatible between these types.
    Type 'UseFormHandleSubmit<{ category: "IMAGES" | "DOCUMENTS" | "ARCHIVES" | "OTHER"; tags: string[]; permissions: { level: FilePermissionLevel; allowDownload: boolean; allowShare: boolean; allowDelete: boolean; allowVersioning: boolean; allowComments: boolean; }; description?: string; }, TFieldValues>' is not assignable to type 'UseFormHandleSubmit<{ category: "IMAGES" | "DOCUMENTS" | "ARCHIVES" | "OTHER"; tags: string[]; permissions: { level: FilePermissionLevel; allowDownload: boolean; allowShare: boolean; allowDelete: boolean; allowVersioning: boolean; allowComments: boolean; }; description?: string; }, { ...; }>'.
      Types of parameters 'onValid' and 'onValid' are incompatible.
        Types of parameters 'data' and 'data' are incompatible.
          Type 'TFieldValues' is not assignable to type '{ category: "IMAGES" | "DOCUMENTS" | "ARCHIVES" | "OTHER"; tags: string[]; permissions: { level: FilePermissionLevel; allowDownload: boolean; allowShare: boolean; allowDelete: boolean; allowVersioning: boolean; allowComments: boolean; }; description?: string; }'.
            Type 'FieldValues' is missing the following properties from type '{ category: "IMAGES" | "DOCUMENTS" | "ARCHIVES" | "OTHER"; tags: string[]; permissions: { level: FilePermissionLevel; allowDownload: boolean; allowShare: boolean; allowDelete: boolean; allowVersioning: boolean; allowComments: boolean; }; description?: string; }': category, tags, permissions
src/components/file/EnhancedFileUploadModal.tsx(471,19): error TS2322: Type 'Control<{ category: "IMAGES" | "DOCUMENTS" | "ARCHIVES" | "OTHER"; tags: string[]; permissions: { level: FilePermissionLevel; allowDownload: boolean; allowShare: boolean; allowDelete: boolean; allowVersioning: boolean; allowComments: boolean; }; description?: string; }, any, TFieldValues>' is not assignable to type 'Control<{ category: "IMAGES" | "DOCUMENTS" | "ARCHIVES" | "OTHER"; tags: string[]; permissions: { level: FilePermissionLevel; allowDownload: boolean; allowShare: boolean; allowDelete: boolean; allowVersioning: boolean; allowComments: boolean; }; description?: string; }, any, { ...; }>'.
  The types of '_options.formControl.handleSubmit' are incompatible between these types.
    Type 'UseFormHandleSubmit<{ category: "IMAGES" | "DOCUMENTS" | "ARCHIVES" | "OTHER"; tags: string[]; permissions: { level: FilePermissionLevel; allowDownload: boolean; allowShare: boolean; allowDelete: boolean; allowVersioning: boolean; allowComments: boolean; }; description?: string; }, TFieldValues>' is not assignable to type 'UseFormHandleSubmit<{ category: "IMAGES" | "DOCUMENTS" | "ARCHIVES" | "OTHER"; tags: string[]; permissions: { level: FilePermissionLevel; allowDownload: boolean; allowShare: boolean; allowDelete: boolean; allowVersioning: boolean; allowComments: boolean; }; description?: string; }, { ...; }>'.
      Types of parameters 'onValid' and 'onValid' are incompatible.
        Types of parameters 'data' and 'data' are incompatible.
          Type 'TFieldValues' is not assignable to type '{ category: "IMAGES" | "DOCUMENTS" | "ARCHIVES" | "OTHER"; tags: string[]; permissions: { level: FilePermissionLevel; allowDownload: boolean; allowShare: boolean; allowDelete: boolean; allowVersioning: boolean; allowComments: boolean; }; description?: string; }'.
            Type 'FieldValues' is missing the following properties from type '{ category: "IMAGES" | "DOCUMENTS" | "ARCHIVES" | "OTHER"; tags: string[]; permissions: { level: FilePermissionLevel; allowDownload: boolean; allowShare: boolean; allowDelete: boolean; allowVersioning: boolean; allowComments: boolean; }; description?: string; }': category, tags, permissions
src/components/file/FileMetadataEditor.tsx(78,21): error TS2554: Expected 2-3 arguments, but got 1.
src/components/file/FileMetadataEditor.tsx(145,5): error TS2322: Type 'Resolver<{ name: string; category: FileCategory; permissions: { level: FilePermissionLevel; allowDownload: boolean; allowShare: boolean; allowDelete: boolean; allowVersioning: boolean; allowComments: boolean; }; description?: string; tags?: string[]; customMetadata?: Record<...>; }, any, { ...; }>' is not assignable to type 'Resolver<{ name: string; category: FileCategory; tags: string[]; permissions: { level: FilePermissionLevel; allowDownload: boolean; allowShare: boolean; allowDelete: boolean; allowVersioning: boolean; allowComments: boolean; }; description?: string; customMetadata?: Record<...>; }, any, { ...; }>'.
  Types of parameters 'options' and 'options' are incompatible.
    Type 'ResolverOptions<{ name: string; category: FileCategory; tags: string[]; permissions: { level: FilePermissionLevel; allowDownload: boolean; allowShare: boolean; allowDelete: boolean; allowVersioning: boolean; allowComments: boolean; }; description?: string; customMetadata?: Record<...>; }>' is not assignable to type 'ResolverOptions<{ name: string; category: FileCategory; permissions: { level: FilePermissionLevel; allowDownload: boolean; allowShare: boolean; allowDelete: boolean; allowVersioning: boolean; allowComments: boolean; }; description?: string; tags?: string[]; customMetadata?: Record<...>; }>'.
      Type '{ name: string; category: FileCategory; permissions: { level: FilePermissionLevel; allowDownload: boolean; allowShare: boolean; allowDelete: boolean; allowVersioning: boolean; allowComments: boolean; }; description?: string; tags?: string[]; customMetadata?: Record<...>; }' is not assignable to type '{ name: string; category: FileCategory; tags: string[]; permissions: { level: FilePermissionLevel; allowDownload: boolean; allowShare: boolean; allowDelete: boolean; allowVersioning: boolean; allowComments: boolean; }; description?: string; customMetadata?: Record<...>; }'.
        Property 'tags' is optional in type '{ name: string; category: FileCategory; permissions: { level: FilePermissionLevel; allowDownload: boolean; allowShare: boolean; allowDelete: boolean; allowVersioning: boolean; allowComments: boolean; }; description?: string; tags?: string[]; customMetadata?: Record<...>; }' but required in type '{ name: string; category: FileCategory; tags: string[]; permissions: { level: FilePermissionLevel; allowDownload: boolean; allowShare: boolean; allowDelete: boolean; allowVersioning: boolean; allowComments: boolean; }; description?: string; customMetadata?: Record<...>; }'.
src/components/file/FileMetadataEditor.tsx(159,28): error TS2339: Property 'customMetadata' does not exist on type 'ProjectFile'.
src/components/file/FileMetadataEditor.tsx(178,30): error TS2339: Property 'customMetadata' does not exist on type 'ProjectFile'.
src/components/file/FileMetadataEditor.tsx(235,9): error TS2739: Type 'Date' is missing the following properties from type 'Timestamp': seconds, nanoseconds, toDate, toMillis, isEqual
src/components/file/FileMetadataEditor.tsx(281,47): error TS2345: Argument of type '(data: FileMetadataFormData) => Promise<void>' is not assignable to parameter of type 'SubmitHandler<TFieldValues>'.
  Types of parameters 'data' and 'data' are incompatible.
    Type 'TFieldValues' is not assignable to type '{ name: string; category: FileCategory; tags: string[]; permissions: { level: FilePermissionLevel; allowDownload: boolean; allowShare: boolean; allowDelete: boolean; allowVersioning: boolean; allowComments: boolean; }; description?: string; customMetadata?: Record<...>; }'.
      Type 'FieldValues' is missing the following properties from type '{ name: string; category: FileCategory; tags: string[]; permissions: { level: FilePermissionLevel; allowDownload: boolean; allowShare: boolean; allowDelete: boolean; allowVersioning: boolean; allowComments: boolean; }; description?: string; customMetadata?: Record<...>; }': name, category, tags, permissions
src/components/file/FileMetadataEditor.tsx(285,19): error TS2322: Type 'Control<{ name: string; category: FileCategory; tags: string[]; permissions: { level: FilePermissionLevel; allowDownload: boolean; allowShare: boolean; allowDelete: boolean; allowVersioning: boolean; allowComments: boolean; }; description?: string; customMetadata?: Record<...>; }, any, TFieldValues>' is not assignable to type 'Control<{ name: string; category: FileCategory; tags: string[]; permissions: { level: FilePermissionLevel; allowDownload: boolean; allowShare: boolean; allowDelete: boolean; allowVersioning: boolean; allowComments: boolean; }; description?: string; customMetadata?: Record<...>; }, any, { ...; }>'.
  The types of '_options.formControl.handleSubmit' are incompatible between these types.
    Type 'UseFormHandleSubmit<{ name: string; category: FileCategory; tags: string[]; permissions: { level: FilePermissionLevel; allowDownload: boolean; allowShare: boolean; allowDelete: boolean; allowVersioning: boolean; allowComments: boolean; }; description?: string; customMetadata?: Record<...>; }, TFieldValues>' is not assignable to type 'UseFormHandleSubmit<{ name: string; category: FileCategory; tags: string[]; permissions: { level: FilePermissionLevel; allowDownload: boolean; allowShare: boolean; allowDelete: boolean; allowVersioning: boolean; allowComments: boolean; }; description?: string; customMetadata?: Record<...>; }, { ...; }>'.
      Types of parameters 'onValid' and 'onValid' are incompatible.
        Types of parameters 'data' and 'data' are incompatible.
          Type 'TFieldValues' is not assignable to type '{ name: string; category: FileCategory; tags: string[]; permissions: { level: FilePermissionLevel; allowDownload: boolean; allowShare: boolean; allowDelete: boolean; allowVersioning: boolean; allowComments: boolean; }; description?: string; customMetadata?: Record<...>; }'.
            Type 'FieldValues' is missing the following properties from type '{ name: string; category: FileCategory; tags: string[]; permissions: { level: FilePermissionLevel; allowDownload: boolean; allowShare: boolean; allowDelete: boolean; allowVersioning: boolean; allowComments: boolean; }; description?: string; customMetadata?: Record<...>; }': name, category, tags, permissions
src/components/file/FileMetadataEditor.tsx(300,19): error TS2322: Type 'Control<{ name: string; category: FileCategory; tags: string[]; permissions: { level: FilePermissionLevel; allowDownload: boolean; allowShare: boolean; allowDelete: boolean; allowVersioning: boolean; allowComments: boolean; }; description?: string; customMetadata?: Record<...>; }, any, TFieldValues>' is not assignable to type 'Control<{ name: string; category: FileCategory; tags: string[]; permissions: { level: FilePermissionLevel; allowDownload: boolean; allowShare: boolean; allowDelete: boolean; allowVersioning: boolean; allowComments: boolean; }; description?: string; customMetadata?: Record<...>; }, any, { ...; }>'.
  The types of '_options.formControl.handleSubmit' are incompatible between these types.
    Type 'UseFormHandleSubmit<{ name: string; category: FileCategory; tags: string[]; permissions: { level: FilePermissionLevel; allowDownload: boolean; allowShare: boolean; allowDelete: boolean; allowVersioning: boolean; allowComments: boolean; }; description?: string; customMetadata?: Record<...>; }, TFieldValues>' is not assignable to type 'UseFormHandleSubmit<{ name: string; category: FileCategory; tags: string[]; permissions: { level: FilePermissionLevel; allowDownload: boolean; allowShare: boolean; allowDelete: boolean; allowVersioning: boolean; allowComments: boolean; }; description?: string; customMetadata?: Record<...>; }, { ...; }>'.
      Types of parameters 'onValid' and 'onValid' are incompatible.
        Types of parameters 'data' and 'data' are incompatible.
          Type 'TFieldValues' is not assignable to type '{ name: string; category: FileCategory; tags: string[]; permissions: { level: FilePermissionLevel; allowDownload: boolean; allowShare: boolean; allowDelete: boolean; allowVersioning: boolean; allowComments: boolean; }; description?: string; customMetadata?: Record<...>; }'.
            Type 'FieldValues' is missing the following properties from type '{ name: string; category: FileCategory; tags: string[]; permissions: { level: FilePermissionLevel; allowDownload: boolean; allowShare: boolean; allowDelete: boolean; allowVersioning: boolean; allowComments: boolean; }; description?: string; customMetadata?: Record<...>; }': name, category, tags, permissions
src/components/file/FileMetadataEditor.tsx(323,19): error TS2322: Type 'Control<{ name: string; category: FileCategory; tags: string[]; permissions: { level: FilePermissionLevel; allowDownload: boolean; allowShare: boolean; allowDelete: boolean; allowVersioning: boolean; allowComments: boolean; }; description?: string; customMetadata?: Record<...>; }, any, TFieldValues>' is not assignable to type 'Control<{ name: string; category: FileCategory; tags: string[]; permissions: { level: FilePermissionLevel; allowDownload: boolean; allowShare: boolean; allowDelete: boolean; allowVersioning: boolean; allowComments: boolean; }; description?: string; customMetadata?: Record<...>; }, any, { ...; }>'.
  The types of '_options.formControl.handleSubmit' are incompatible between these types.
    Type 'UseFormHandleSubmit<{ name: string; category: FileCategory; tags: string[]; permissions: { level: FilePermissionLevel; allowDownload: boolean; allowShare: boolean; allowDelete: boolean; allowVersioning: boolean; allowComments: boolean; }; description?: string; customMetadata?: Record<...>; }, TFieldValues>' is not assignable to type 'UseFormHandleSubmit<{ name: string; category: FileCategory; tags: string[]; permissions: { level: FilePermissionLevel; allowDownload: boolean; allowShare: boolean; allowDelete: boolean; allowVersioning: boolean; allowComments: boolean; }; description?: string; customMetadata?: Record<...>; }, { ...; }>'.
      Types of parameters 'onValid' and 'onValid' are incompatible.
        Types of parameters 'data' and 'data' are incompatible.
          Type 'TFieldValues' is not assignable to type '{ name: string; category: FileCategory; tags: string[]; permissions: { level: FilePermissionLevel; allowDownload: boolean; allowShare: boolean; allowDelete: boolean; allowVersioning: boolean; allowComments: boolean; }; description?: string; customMetadata?: Record<...>; }'.
            Type 'FieldValues' is missing the following properties from type '{ name: string; category: FileCategory; tags: string[]; permissions: { level: FilePermissionLevel; allowDownload: boolean; allowShare: boolean; allowDelete: boolean; allowVersioning: boolean; allowComments: boolean; }; description?: string; customMetadata?: Record<...>; }': name, category, tags, permissions
src/components/file/FileMetadataEditor.tsx(431,19): error TS2322: Type 'Control<{ name: string; category: FileCategory; tags: string[]; permissions: { level: FilePermissionLevel; allowDownload: boolean; allowShare: boolean; allowDelete: boolean; allowVersioning: boolean; allowComments: boolean; }; description?: string; customMetadata?: Record<...>; }, any, TFieldValues>' is not assignable to type 'Control<{ name: string; category: FileCategory; tags: string[]; permissions: { level: FilePermissionLevel; allowDownload: boolean; allowShare: boolean; allowDelete: boolean; allowVersioning: boolean; allowComments: boolean; }; description?: string; customMetadata?: Record<...>; }, any, { ...; }>'.
  The types of '_options.formControl.handleSubmit' are incompatible between these types.
    Type 'UseFormHandleSubmit<{ name: string; category: FileCategory; tags: string[]; permissions: { level: FilePermissionLevel; allowDownload: boolean; allowShare: boolean; allowDelete: boolean; allowVersioning: boolean; allowComments: boolean; }; description?: string; customMetadata?: Record<...>; }, TFieldValues>' is not assignable to type 'UseFormHandleSubmit<{ name: string; category: FileCategory; tags: string[]; permissions: { level: FilePermissionLevel; allowDownload: boolean; allowShare: boolean; allowDelete: boolean; allowVersioning: boolean; allowComments: boolean; }; description?: string; customMetadata?: Record<...>; }, { ...; }>'.
      Types of parameters 'onValid' and 'onValid' are incompatible.
        Types of parameters 'data' and 'data' are incompatible.
          Type 'TFieldValues' is not assignable to type '{ name: string; category: FileCategory; tags: string[]; permissions: { level: FilePermissionLevel; allowDownload: boolean; allowShare: boolean; allowDelete: boolean; allowVersioning: boolean; allowComments: boolean; }; description?: string; customMetadata?: Record<...>; }'.
            Type 'FieldValues' is missing the following properties from type '{ name: string; category: FileCategory; tags: string[]; permissions: { level: FilePermissionLevel; allowDownload: boolean; allowShare: boolean; allowDelete: boolean; allowVersioning: boolean; allowComments: boolean; }; description?: string; customMetadata?: Record<...>; }': name, category, tags, permissions
src/components/file/FileMetadataEditor.tsx(475,25): error TS2322: Type 'Control<{ name: string; category: FileCategory; tags: string[]; permissions: { level: FilePermissionLevel; allowDownload: boolean; allowShare: boolean; allowDelete: boolean; allowVersioning: boolean; allowComments: boolean; }; description?: string; customMetadata?: Record<...>; }, any, TFieldValues>' is not assignable to type 'Control<{ name: string; category: FileCategory; tags: string[]; permissions: { level: FilePermissionLevel; allowDownload: boolean; allowShare: boolean; allowDelete: boolean; allowVersioning: boolean; allowComments: boolean; }; description?: string; customMetadata?: Record<...>; }, any, { ...; }>'.
  The types of '_options.formControl.handleSubmit' are incompatible between these types.
    Type 'UseFormHandleSubmit<{ name: string; category: FileCategory; tags: string[]; permissions: { level: FilePermissionLevel; allowDownload: boolean; allowShare: boolean; allowDelete: boolean; allowVersioning: boolean; allowComments: boolean; }; description?: string; customMetadata?: Record<...>; }, TFieldValues>' is not assignable to type 'UseFormHandleSubmit<{ name: string; category: FileCategory; tags: string[]; permissions: { level: FilePermissionLevel; allowDownload: boolean; allowShare: boolean; allowDelete: boolean; allowVersioning: boolean; allowComments: boolean; }; description?: string; customMetadata?: Record<...>; }, { ...; }>'.
      Types of parameters 'onValid' and 'onValid' are incompatible.
        Types of parameters 'data' and 'data' are incompatible.
          Type 'TFieldValues' is not assignable to type '{ name: string; category: FileCategory; tags: string[]; permissions: { level: FilePermissionLevel; allowDownload: boolean; allowShare: boolean; allowDelete: boolean; allowVersioning: boolean; allowComments: boolean; }; description?: string; customMetadata?: Record<...>; }'.
            Type 'FieldValues' is missing the following properties from type '{ name: string; category: FileCategory; tags: string[]; permissions: { level: FilePermissionLevel; allowDownload: boolean; allowShare: boolean; allowDelete: boolean; allowVersioning: boolean; allowComments: boolean; }; description?: string; customMetadata?: Record<...>; }': name, category, tags, permissions
src/components/file/FileMetadataEditor.tsx(567,74): error TS2322: Type 'unknown' is not assignable to type 'ReactNode'.
src/components/file/FileOrganizationDashboard.tsx(23,10): error TS2459: Module '"@/services/cloudinaryFolderService"' declares 'FileCategory' locally, but it is not exported.
src/components/file/FileOrganizationModal.tsx(12,8): error TS2307: Cannot find module '@/lib/shadcn/dialog' or its corresponding type declarations.
src/components/file/FileOrganizationModal.tsx(20,8): error TS2307: Cannot find module '@/lib/shadcn/form' or its corresponding type declarations.
src/components/file/FileOrganizationModal.tsx(21,24): error TS2307: Cannot find module '@/lib/shadcn/button' or its corresponding type declarations.
src/components/file/FileOrganizationModal.tsx(22,23): error TS2307: Cannot find module '@/lib/shadcn/input' or its corresponding type declarations.
src/components/file/FileOrganizationModal.tsx(23,26): error TS2307: Cannot find module '@/lib/shadcn/textarea' or its corresponding type declarations.
src/components/file/FileOrganizationModal.tsx(24,23): error TS2307: Cannot find module '@/lib/shadcn/badge' or its corresponding type declarations.
src/components/file/FileOrganizationModal.tsx(26,27): error TS2307: Cannot find module '@/lib/shadcn/separator' or its corresponding type declarations.
src/components/file/FileOrganizationModal.tsx(27,79): error TS2307: Cannot find module '@/lib/shadcn/select' or its corresponding type declarations.
src/components/file/FileOrganizationModal.tsx(86,5): error TS2322: Type 'Resolver<{ name: string; category: FileCategory; description?: string; tags?: string[]; folder?: string; }, any, { name: string; category: FileCategory; tags: string[]; description?: string; folder?: string; }>' is not assignable to type 'Resolver<{ name: string; category: FileCategory; tags: string[]; description?: string; folder?: string; }, any, { name: string; category: FileCategory; tags: string[]; description?: string; folder?: string; }>'.
  Types of parameters 'options' and 'options' are incompatible.
    Type 'ResolverOptions<{ name: string; category: FileCategory; tags: string[]; description?: string; folder?: string; }>' is not assignable to type 'ResolverOptions<{ name: string; category: FileCategory; description?: string; tags?: string[]; folder?: string; }>'.
      Type '{ name: string; category: FileCategory; description?: string; tags?: string[]; folder?: string; }' is not assignable to type '{ name: string; category: FileCategory; tags: string[]; description?: string; folder?: string; }'.
        Property 'tags' is optional in type '{ name: string; category: FileCategory; description?: string; tags?: string[]; folder?: string; }' but required in type '{ name: string; category: FileCategory; tags: string[]; description?: string; folder?: string; }'.
src/components/file/FileOrganizationModal.tsx(92,20): error TS2551: Property 'folderId' does not exist on type 'ProjectFile'. Did you mean 'folder'?
src/components/file/FileOrganizationModal.tsx(103,22): error TS2551: Property 'folderId' does not exist on type 'ProjectFile'. Did you mean 'folder'?
src/components/file/FileOrganizationModal.tsx(160,9): error TS2739: Type 'Date' is missing the following properties from type 'Timestamp': seconds, nanoseconds, toDate, toMillis, isEqual
src/components/file/FileOrganizationModal.tsx(202,45): error TS2345: Argument of type '(data: FileOrganizationFormData) => Promise<void>' is not assignable to parameter of type 'SubmitHandler<TFieldValues>'.
  Types of parameters 'data' and 'data' are incompatible.
    Type 'TFieldValues' is not assignable to type '{ name: string; category: FileCategory; tags: string[]; description?: string; folder?: string; }'.
      Type 'FieldValues' is missing the following properties from type '{ name: string; category: FileCategory; tags: string[]; description?: string; folder?: string; }': name, category, tags
src/components/file/FileShareModal.tsx(99,5): error TS2322: Type 'Resolver<{ recipients: string[]; message?: string; allowDownload?: boolean; expiresAt?: string; notifyByEmail?: boolean; requireLogin?: boolean; }, any, { recipients: string[]; allowDownload: boolean; notifyByEmail: boolean; requireLogin: boolean; message?: string; expiresAt?: string; }>' is not assignable to type 'Resolver<{ recipients: string[]; allowDownload: boolean; notifyByEmail: boolean; requireLogin: boolean; message?: string; expiresAt?: string; }, any, { recipients: string[]; allowDownload: boolean; notifyByEmail: boolean; requireLogin: boolean; message?: string; expiresAt?: string; }>'.
  Types of parameters 'options' and 'options' are incompatible.
    Type 'ResolverOptions<{ recipients: string[]; allowDownload: boolean; notifyByEmail: boolean; requireLogin: boolean; message?: string; expiresAt?: string; }>' is not assignable to type 'ResolverOptions<{ recipients: string[]; message?: string; allowDownload?: boolean; expiresAt?: string; notifyByEmail?: boolean; requireLogin?: boolean; }>'.
      Type '{ recipients: string[]; message?: string; allowDownload?: boolean; expiresAt?: string; notifyByEmail?: boolean; requireLogin?: boolean; }' is not assignable to type '{ recipients: string[]; allowDownload: boolean; notifyByEmail: boolean; requireLogin: boolean; message?: string; expiresAt?: string; }'.
        Property 'allowDownload' is optional in type '{ recipients: string[]; message?: string; allowDownload?: boolean; expiresAt?: string; notifyByEmail?: boolean; requireLogin?: boolean; }' but required in type '{ recipients: string[]; allowDownload: boolean; notifyByEmail: boolean; requireLogin: boolean; message?: string; expiresAt?: string; }'.
src/components/file/FileShareModal.tsx(213,47): error TS2345: Argument of type '(data: FileSharingFormData) => Promise<void>' is not assignable to parameter of type 'SubmitHandler<TFieldValues>'.
  Types of parameters 'data' and 'data' are incompatible.
    Type 'TFieldValues' is not assignable to type '{ recipients: string[]; allowDownload: boolean; notifyByEmail: boolean; requireLogin: boolean; message?: string; expiresAt?: string; }'.
      Type 'FieldValues' is missing the following properties from type '{ recipients: string[]; allowDownload: boolean; notifyByEmail: boolean; requireLogin: boolean; message?: string; expiresAt?: string; }': recipients, allowDownload, notifyByEmail, requireLogin
src/components/file/FileShareModal.tsx(224,21): error TS2322: Type 'Control<{ recipients: string[]; allowDownload: boolean; notifyByEmail: boolean; requireLogin: boolean; message?: string; expiresAt?: string; }, any, TFieldValues>' is not assignable to type 'Control<{ recipients: string[]; allowDownload: boolean; notifyByEmail: boolean; requireLogin: boolean; message?: string; expiresAt?: string; }, any, { recipients: string[]; allowDownload: boolean; notifyByEmail: boolean; requireLogin: boolean; message?: string; expiresAt?: string; }>'.
  The types of '_options.formControl.handleSubmit' are incompatible between these types.
    Type 'UseFormHandleSubmit<{ recipients: string[]; allowDownload: boolean; notifyByEmail: boolean; requireLogin: boolean; message?: string; expiresAt?: string; }, TFieldValues>' is not assignable to type 'UseFormHandleSubmit<{ recipients: string[]; allowDownload: boolean; notifyByEmail: boolean; requireLogin: boolean; message?: string; expiresAt?: string; }, { recipients: string[]; allowDownload: boolean; notifyByEmail: boolean; requireLogin: boolean; message?: string; expiresAt?: string; }>'.
      Types of parameters 'onValid' and 'onValid' are incompatible.
        Types of parameters 'data' and 'data' are incompatible.
          Type 'TFieldValues' is not assignable to type '{ recipients: string[]; allowDownload: boolean; notifyByEmail: boolean; requireLogin: boolean; message?: string; expiresAt?: string; }'.
            Type 'FieldValues' is missing the following properties from type '{ recipients: string[]; allowDownload: boolean; notifyByEmail: boolean; requireLogin: boolean; message?: string; expiresAt?: string; }': recipients, allowDownload, notifyByEmail, requireLogin
src/components/file/FileShareModal.tsx(235,35): error TS2322: Type 'Control<{ recipients: string[]; allowDownload: boolean; notifyByEmail: boolean; requireLogin: boolean; message?: string; expiresAt?: string; }, any, TFieldValues>' is not assignable to type 'Control<{ recipients: string[]; allowDownload: boolean; notifyByEmail: boolean; requireLogin: boolean; message?: string; expiresAt?: string; }, any, { recipients: string[]; allowDownload: boolean; notifyByEmail: boolean; requireLogin: boolean; message?: string; expiresAt?: string; }>'.
  The types of '_options.formControl.handleSubmit' are incompatible between these types.
    Type 'UseFormHandleSubmit<{ recipients: string[]; allowDownload: boolean; notifyByEmail: boolean; requireLogin: boolean; message?: string; expiresAt?: string; }, TFieldValues>' is not assignable to type 'UseFormHandleSubmit<{ recipients: string[]; allowDownload: boolean; notifyByEmail: boolean; requireLogin: boolean; message?: string; expiresAt?: string; }, { recipients: string[]; allowDownload: boolean; notifyByEmail: boolean; requireLogin: boolean; message?: string; expiresAt?: string; }>'.
      Types of parameters 'onValid' and 'onValid' are incompatible.
        Types of parameters 'data' and 'data' are incompatible.
          Type 'TFieldValues' is not assignable to type '{ recipients: string[]; allowDownload: boolean; notifyByEmail: boolean; requireLogin: boolean; message?: string; expiresAt?: string; }'.
            Type 'FieldValues' is missing the following properties from type '{ recipients: string[]; allowDownload: boolean; notifyByEmail: boolean; requireLogin: boolean; message?: string; expiresAt?: string; }': recipients, allowDownload, notifyByEmail, requireLogin
src/components/file/FileShareModal.tsx(307,21): error TS2322: Type 'Control<{ recipients: string[]; allowDownload: boolean; notifyByEmail: boolean; requireLogin: boolean; message?: string; expiresAt?: string; }, any, TFieldValues>' is not assignable to type 'Control<{ recipients: string[]; allowDownload: boolean; notifyByEmail: boolean; requireLogin: boolean; message?: string; expiresAt?: string; }, any, { recipients: string[]; allowDownload: boolean; notifyByEmail: boolean; requireLogin: boolean; message?: string; expiresAt?: string; }>'.
  The types of '_options.formControl.handleSubmit' are incompatible between these types.
    Type 'UseFormHandleSubmit<{ recipients: string[]; allowDownload: boolean; notifyByEmail: boolean; requireLogin: boolean; message?: string; expiresAt?: string; }, TFieldValues>' is not assignable to type 'UseFormHandleSubmit<{ recipients: string[]; allowDownload: boolean; notifyByEmail: boolean; requireLogin: boolean; message?: string; expiresAt?: string; }, { recipients: string[]; allowDownload: boolean; notifyByEmail: boolean; requireLogin: boolean; message?: string; expiresAt?: string; }>'.
      Types of parameters 'onValid' and 'onValid' are incompatible.
        Types of parameters 'data' and 'data' are incompatible.
          Type 'TFieldValues' is not assignable to type '{ recipients: string[]; allowDownload: boolean; notifyByEmail: boolean; requireLogin: boolean; message?: string; expiresAt?: string; }'.
            Type 'FieldValues' is missing the following properties from type '{ recipients: string[]; allowDownload: boolean; notifyByEmail: boolean; requireLogin: boolean; message?: string; expiresAt?: string; }': recipients, allowDownload, notifyByEmail, requireLogin
src/components/file/FileShareModal.tsx(327,23): error TS2322: Type 'Control<{ recipients: string[]; allowDownload: boolean; notifyByEmail: boolean; requireLogin: boolean; message?: string; expiresAt?: string; }, any, TFieldValues>' is not assignable to type 'Control<{ recipients: string[]; allowDownload: boolean; notifyByEmail: boolean; requireLogin: boolean; message?: string; expiresAt?: string; }, any, { recipients: string[]; allowDownload: boolean; notifyByEmail: boolean; requireLogin: boolean; message?: string; expiresAt?: string; }>'.
  The types of '_options.formControl.handleSubmit' are incompatible between these types.
    Type 'UseFormHandleSubmit<{ recipients: string[]; allowDownload: boolean; notifyByEmail: boolean; requireLogin: boolean; message?: string; expiresAt?: string; }, TFieldValues>' is not assignable to type 'UseFormHandleSubmit<{ recipients: string[]; allowDownload: boolean; notifyByEmail: boolean; requireLogin: boolean; message?: string; expiresAt?: string; }, { recipients: string[]; allowDownload: boolean; notifyByEmail: boolean; requireLogin: boolean; message?: string; expiresAt?: string; }>'.
      Types of parameters 'onValid' and 'onValid' are incompatible.
        Types of parameters 'data' and 'data' are incompatible.
          Type 'TFieldValues' is not assignable to type '{ recipients: string[]; allowDownload: boolean; notifyByEmail: boolean; requireLogin: boolean; message?: string; expiresAt?: string; }'.
            Type 'FieldValues' is missing the following properties from type '{ recipients: string[]; allowDownload: boolean; notifyByEmail: boolean; requireLogin: boolean; message?: string; expiresAt?: string; }': recipients, allowDownload, notifyByEmail, requireLogin
src/components/file/FileShareModal.tsx(348,23): error TS2322: Type 'Control<{ recipients: string[]; allowDownload: boolean; notifyByEmail: boolean; requireLogin: boolean; message?: string; expiresAt?: string; }, any, TFieldValues>' is not assignable to type 'Control<{ recipients: string[]; allowDownload: boolean; notifyByEmail: boolean; requireLogin: boolean; message?: string; expiresAt?: string; }, any, { recipients: string[]; allowDownload: boolean; notifyByEmail: boolean; requireLogin: boolean; message?: string; expiresAt?: string; }>'.
  The types of '_options.formControl.handleSubmit' are incompatible between these types.
    Type 'UseFormHandleSubmit<{ recipients: string[]; allowDownload: boolean; notifyByEmail: boolean; requireLogin: boolean; message?: string; expiresAt?: string; }, TFieldValues>' is not assignable to type 'UseFormHandleSubmit<{ recipients: string[]; allowDownload: boolean; notifyByEmail: boolean; requireLogin: boolean; message?: string; expiresAt?: string; }, { recipients: string[]; allowDownload: boolean; notifyByEmail: boolean; requireLogin: boolean; message?: string; expiresAt?: string; }>'.
      Types of parameters 'onValid' and 'onValid' are incompatible.
        Types of parameters 'data' and 'data' are incompatible.
          Type 'TFieldValues' is not assignable to type '{ recipients: string[]; allowDownload: boolean; notifyByEmail: boolean; requireLogin: boolean; message?: string; expiresAt?: string; }'.
            Type 'FieldValues' is missing the following properties from type '{ recipients: string[]; allowDownload: boolean; notifyByEmail: boolean; requireLogin: boolean; message?: string; expiresAt?: string; }': recipients, allowDownload, notifyByEmail, requireLogin
src/components/file/FileShareModal.tsx(370,21): error TS2322: Type 'Control<{ recipients: string[]; allowDownload: boolean; notifyByEmail: boolean; requireLogin: boolean; message?: string; expiresAt?: string; }, any, TFieldValues>' is not assignable to type 'Control<{ recipients: string[]; allowDownload: boolean; notifyByEmail: boolean; requireLogin: boolean; message?: string; expiresAt?: string; }, any, { recipients: string[]; allowDownload: boolean; notifyByEmail: boolean; requireLogin: boolean; message?: string; expiresAt?: string; }>'.
  The types of '_options.formControl.handleSubmit' are incompatible between these types.
    Type 'UseFormHandleSubmit<{ recipients: string[]; allowDownload: boolean; notifyByEmail: boolean; requireLogin: boolean; message?: string; expiresAt?: string; }, TFieldValues>' is not assignable to type 'UseFormHandleSubmit<{ recipients: string[]; allowDownload: boolean; notifyByEmail: boolean; requireLogin: boolean; message?: string; expiresAt?: string; }, { recipients: string[]; allowDownload: boolean; notifyByEmail: boolean; requireLogin: boolean; message?: string; expiresAt?: string; }>'.
      Types of parameters 'onValid' and 'onValid' are incompatible.
        Types of parameters 'data' and 'data' are incompatible.
          Type 'TFieldValues' is not assignable to type '{ recipients: string[]; allowDownload: boolean; notifyByEmail: boolean; requireLogin: boolean; message?: string; expiresAt?: string; }'.
            Type 'FieldValues' is missing the following properties from type '{ recipients: string[]; allowDownload: boolean; notifyByEmail: boolean; requireLogin: boolean; message?: string; expiresAt?: string; }': recipients, allowDownload, notifyByEmail, requireLogin
src/components/file/FolderAccessControl.tsx(19,10): error TS2459: Module '"@/services/cloudinaryFolderService"' declares 'FileCategory' locally, but it is not exported.
src/components/file/FolderAccessControl.tsx(160,50): error TS2322: Type '{ className: string; title: string; }' is not assignable to type 'IntrinsicAttributes & LucideProps'.
  Property 'title' does not exist on type 'IntrinsicAttributes & LucideProps'.
src/components/file/FolderAccessControl.tsx(163,56): error TS2322: Type '{ className: string; title: string; }' is not assignable to type 'IntrinsicAttributes & LucideProps'.
  Property 'title' does not exist on type 'IntrinsicAttributes & LucideProps'.
src/components/file/FolderAccessControl.tsx(166,52): error TS2322: Type '{ className: string; title: string; }' is not assignable to type 'IntrinsicAttributes & LucideProps'.
  Property 'title' does not exist on type 'IntrinsicAttributes & LucideProps'.
src/components/files/EnhancedFileManager.tsx(83,9): error TS2741: Property 'uploaderName' is missing in type '{ id: string; name: string; size: number; type: string; uploaderId: string; uploadedAt: any; projectId: string; permissions: { level: any; allowDownload: true; allowShare: false; allowDelete: false; allowVersioning: true; allowComments: true; }; url: string; thumbnailUrl: string; }' but required in type 'ProjectFile'.
src/components/files/EnhancedFileManager.tsx(102,9): error TS2741: Property 'uploaderName' is missing in type '{ id: string; name: string; size: number; type: string; uploaderId: string; uploadedAt: any; projectId: string; permissions: { level: any; allowDownload: true; allowShare: true; allowDelete: true; allowVersioning: true; allowComments: true; }; url: string; }' but required in type 'ProjectFile'.
src/components/files/EnhancedFileManager.tsx(211,15): error TS2741: Property 'uploaderName' is missing in type '{ id: string; name: string; size: number; type: string; uploaderId: string; uploadedAt: any; projectId: string; permissions: FilePermissions; url: string; }' but required in type 'ProjectFile'.
src/components/loading/ComponentSkeletons.tsx(85,6): error TS2322: Type '{ children: Element; showImage: false; headerHeight: string; bodyLines: number; showFooter: true; footerHeight: string; stagger: true; variant: "shimmer"; }' is not assignable to type 'IntrinsicAttributes & { headerHeight?: string | number; bodyLines?: number; footerHeight?: string | number; className?: string; imageHeight?: string | number; showImage?: boolean; showFooter?: boolean; variant?: "default" | ... 2 more ... | "pulse"; stagger?: boolean; }'.
  Property 'children' does not exist on type 'IntrinsicAttributes & { headerHeight?: string | number; bodyLines?: number; footerHeight?: string | number; className?: string; imageHeight?: string | number; showImage?: boolean; showFooter?: boolean; variant?: "default" | ... 2 more ... | "pulse"; stagger?: boolean; }'.
src/components/loading/ComponentSkeletons.tsx(176,6): error TS2322: Type '{ children: Element; showImage: false; headerHeight: string; bodyLines: number; showFooter: false; }' is not assignable to type 'IntrinsicAttributes & { headerHeight?: string | number; bodyLines?: number; footerHeight?: string | number; className?: string; imageHeight?: string | number; showImage?: boolean; showFooter?: boolean; variant?: "default" | ... 2 more ... | "pulse"; stagger?: boolean; }'.
  Property 'children' does not exist on type 'IntrinsicAttributes & { headerHeight?: string | number; bodyLines?: number; footerHeight?: string | number; className?: string; imageHeight?: string | number; showImage?: boolean; showFooter?: boolean; variant?: "default" | ... 2 more ... | "pulse"; stagger?: boolean; }'.
src/components/loading/ComponentSkeletons.tsx(317,6): error TS2322: Type '{ children: Element; showImage: false; headerHeight: string; bodyLines: number; showFooter: false; }' is not assignable to type 'IntrinsicAttributes & { headerHeight?: string | number; bodyLines?: number; footerHeight?: string | number; className?: string; imageHeight?: string | number; showImage?: boolean; showFooter?: boolean; variant?: "default" | ... 2 more ... | "pulse"; stagger?: boolean; }'.
  Property 'children' does not exist on type 'IntrinsicAttributes & { headerHeight?: string | number; bodyLines?: number; footerHeight?: string | number; className?: string; imageHeight?: string | number; showImage?: boolean; showFooter?: boolean; variant?: "default" | ... 2 more ... | "pulse"; stagger?: boolean; }'.
src/components/loading/ComponentSkeletons.tsx(362,12): error TS2322: Type '{ children: Element; key: number; headerHeight: string; bodyLines: number; showFooter: false; }' is not assignable to type 'IntrinsicAttributes & { headerHeight?: string | number; bodyLines?: number; footerHeight?: string | number; className?: string; imageHeight?: string | number; showImage?: boolean; showFooter?: boolean; variant?: "default" | ... 2 more ... | "pulse"; stagger?: boolean; }'.
  Property 'children' does not exist on type 'IntrinsicAttributes & { headerHeight?: string | number; bodyLines?: number; footerHeight?: string | number; className?: string; imageHeight?: string | number; showImage?: boolean; showFooter?: boolean; variant?: "default" | ... 2 more ... | "pulse"; stagger?: boolean; }'.
src/components/loading/DashboardSkeleton.tsx(61,6): error TS2322: Type '{ children: Element; headerHeight: string; bodyLines: number; showFooter: false; className: string; }' is not assignable to type 'IntrinsicAttributes & { headerHeight?: string | number; bodyLines?: number; footerHeight?: string | number; className?: string; imageHeight?: string | number; showImage?: boolean; showFooter?: boolean; variant?: "default" | ... 2 more ... | "pulse"; stagger?: boolean; }'.
  Property 'children' does not exist on type 'IntrinsicAttributes & { headerHeight?: string | number; bodyLines?: number; footerHeight?: string | number; className?: string; imageHeight?: string | number; showImage?: boolean; showFooter?: boolean; variant?: "default" | ... 2 more ... | "pulse"; stagger?: boolean; }'.
src/components/loading/DashboardSkeleton.tsx(93,6): error TS2322: Type '{ children: Element; headerHeight: string; bodyLines: number; showFooter: false; className: string; }' is not assignable to type 'IntrinsicAttributes & { headerHeight?: string | number; bodyLines?: number; footerHeight?: string | number; className?: string; imageHeight?: string | number; showImage?: boolean; showFooter?: boolean; variant?: "default" | ... 2 more ... | "pulse"; stagger?: boolean; }'.
  Property 'children' does not exist on type 'IntrinsicAttributes & { headerHeight?: string | number; bodyLines?: number; footerHeight?: string | number; className?: string; imageHeight?: string | number; showImage?: boolean; showFooter?: boolean; variant?: "default" | ... 2 more ... | "pulse"; stagger?: boolean; }'.
src/components/loading/DashboardSkeleton.tsx(132,6): error TS2322: Type '{ children: Element; headerHeight: string; bodyLines: number; showFooter: false; }' is not assignable to type 'IntrinsicAttributes & { headerHeight?: string | number; bodyLines?: number; footerHeight?: string | number; className?: string; imageHeight?: string | number; showImage?: boolean; showFooter?: boolean; variant?: "default" | ... 2 more ... | "pulse"; stagger?: boolean; }'.
  Property 'children' does not exist on type 'IntrinsicAttributes & { headerHeight?: string | number; bodyLines?: number; footerHeight?: string | number; className?: string; imageHeight?: string | number; showImage?: boolean; showFooter?: boolean; variant?: "default" | ... 2 more ... | "pulse"; stagger?: boolean; }'.
src/components/loading/DashboardSkeleton.tsx(165,6): error TS2322: Type '{ children: Element; headerHeight: string; bodyLines: number; showFooter: false; className: string; }' is not assignable to type 'IntrinsicAttributes & { headerHeight?: string | number; bodyLines?: number; footerHeight?: string | number; className?: string; imageHeight?: string | number; showImage?: boolean; showFooter?: boolean; variant?: "default" | ... 2 more ... | "pulse"; stagger?: boolean; }'.
  Property 'children' does not exist on type 'IntrinsicAttributes & { headerHeight?: string | number; bodyLines?: number; footerHeight?: string | number; className?: string; imageHeight?: string | number; showImage?: boolean; showFooter?: boolean; variant?: "default" | ... 2 more ... | "pulse"; stagger?: boolean; }'.
src/components/loading/DashboardSkeleton.tsx(271,13): error TS2322: Type '{ key: number; height: string; className: string; style: { animationDelay: string; }; }' is not assignable to type 'IntrinsicAttributes & { className?: string; height?: string | number; showHeader?: boolean; }'.
  Property 'style' does not exist on type 'IntrinsicAttributes & { className?: string; height?: string | number; showHeader?: boolean; }'.
src/components/MigrationManager.tsx(2,95): error TS2307: Cannot find module '../../utils/projectMigrationService' or its corresponding type declarations.
src/components/navigation/HeaderContent.tsx(141,36): error TS2339: Property 'avatar' does not exist on type 'User | User'.
  Property 'avatar' does not exist on type 'User'.
src/components/performance/OptimizedImage.tsx(7,10): error TS2305: Module '"@/utils/performance"' has no exported member 'useProgressiveImage'.
src/components/performance/OptimizedImage.tsx(7,31): error TS2305: Module '"@/utils/performance"' has no exported member 'useLazyImage'.
src/components/performance/OptimizedImage.tsx(7,45): error TS2305: Module '"@/utils/performance"' has no exported member 'CLOUDINARY_CONFIG'.
src/components/performance/PerformanceOptimizedCard.tsx(33,44): error TS2345: Argument of type '"content" | "layout" | "paint" | "strict" | "layout paint"' is not assignable to parameter of type 'ContainmentType'.
  Type '"layout paint"' is not assignable to type 'ContainmentType'.
src/components/PresenceAndTypingDemo.tsx(50,34): error TS2554: Expected 2 arguments, but got 1.
src/components/PresenceAndTypingDemo.tsx(51,22): error TS2345: Argument of type 'string[]' is not assignable to parameter of type 'SetStateAction<TypingIndicator[]>'.
  Type 'string[]' is not assignable to type 'TypingIndicator[]'.
    Type 'string' is not assignable to type 'TypingIndicator'.
src/components/profile/AvatarUploadSystem.tsx(24,10): error TS2459: Module '"@/services/cloudinaryFolderService"' declares 'FileCategory' locally, but it is not exported.
src/components/profile/AvatarUploadSystem.tsx(232,42): error TS2339: Property 'USER_PRIVATE' does not exist on type 'typeof FilePermissionLevel'.
src/components/profile/index.ts(23,1): error TS2308: Module '../../services/profileValidationService' has already exported a member named 'sendProfileCompletenessNotification'. Consider explicitly re-exporting to resolve the ambiguity.
src/components/project/ProjectCreationDialog.tsx(29,5): error TS2353: Object literal may only specify known properties, and 'required_error' does not exist in type '{ error?: string | $ZodErrorMap<$ZodIssueInvalidType<unknown>>; message?: string; }'.
src/components/project/ProjectCreationDialog.tsx(99,5): error TS2322: Type '"deliverables"' is not assignable to type '"teamMembers" | "initialTasks"'.
src/components/project/ProjectCreationDialog.tsx(605,56): error TS2345: Argument of type 'string' is not assignable to parameter of type '{ title: string; estimatedHours: number; priority: "high" | "low" | "medium" | "urgent"; assignedTo: string; description?: string; } | { name: string; role: string; email: string; } | ({ title: string; estimatedHours: number; priority: "high" | ... 2 more ... | "urgent"; assignedTo: string; description?: string; } |...'.
src/components/project/ProjectDetailsView.tsx(124,9): error TS2322: Type 'string' is not assignable to type 'ProjectStatus'.
src/components/project/ProjectWorkflow.tsx(183,42): error TS2367: This comparison appears to be unintentional because the types 'ProjectStatus' and '"active"' have no overlap.
src/components/project/ProjectWorkflow.tsx(184,45): error TS2367: This comparison appears to be unintentional because the types 'ProjectStatus' and '"completed"' have no overlap.
src/components/timer/EnhancedTimerDisplay.performance.tsx(181,20): error TS2367: This comparison appears to be unintentional because the types '"running"' and '"paused"' have no overlap.
src/components/timer/StopTimerModal.tsx(282,21): error TS2322: Type '{ value: number; variant: string; className: string; style: { backgroundColor: string; borderColor: string; }; role: "progressbar"; "aria-valuemin": number; "aria-valuemax": number; "aria-valuenow": number; "aria-label": string; }' is not assignable to type 'IntrinsicAttributes & ProgressProps & RefAttributes<HTMLDivElement>'.
  Property 'variant' does not exist on type 'IntrinsicAttributes & ProgressProps & RefAttributes<HTMLDivElement>'.
src/components/timer/TimerSyncStatus.tsx(41,60): error TS2339: Property 'timerState' does not exist on type 'RealtimeTimerState'.
src/components/ui/bottom-sheet.tsx(69,11): error TS2430: Interface 'BottomSheetContentProps' incorrectly extends interface 'Omit<DialogContentProps & RefAttributes<HTMLDivElement>, "ref">'.
  Types of property 'onDragEnd' are incompatible.
    Type '(velocity: number) => void' is not assignable to type 'DragEventHandler<HTMLDivElement>'.
      Types of parameters 'velocity' and 'event' are incompatible.
        Type 'DragEvent<HTMLDivElement>' is not assignable to type 'number'.
src/components/ui/enhanced-modal-wrapper.tsx(79,7): error TS2322: Type '"default" | "solid" | "glass" | "minimal"' is not assignable to type '"default" | "glass" | "minimal"'.
  Type '"solid"' is not assignable to type '"default" | "glass" | "minimal"'.
src/components/ui/enhanced-modal-wrapper.tsx(80,7): error TS2322: Type '"auto" | "medium" | "full" | "half" | "fit" | "peek"' is not assignable to type '"auto" | "full" | "half" | "fit"'.
  Type '"medium"' is not assignable to type '"auto" | "full" | "half" | "fit"'.
src/components/ui/responsive-modal.tsx(106,31): error TS2322: Type '{ defaultChecked?: boolean; defaultValue?: string | number | readonly string[]; suppressContentEditableWarning?: boolean; suppressHydrationWarning?: boolean; accessKey?: string; autoCapitalize?: "none" | ... 5 more ... | (string & {}); ... 258 more ...; className: string; }' is not assignable to type 'IntrinsicAttributes & HTMLAttributes<HTMLDivElement>'.
  Property 'ref' does not exist on type 'IntrinsicAttributes & HTMLAttributes<HTMLDivElement>'.
src/components/ui/responsive-modal.tsx(109,24): error TS2322: Type '{ defaultChecked?: boolean; defaultValue?: string | number | readonly string[]; suppressContentEditableWarning?: boolean; suppressHydrationWarning?: boolean; accessKey?: string; autoCapitalize?: "none" | ... 5 more ... | (string & {}); ... 258 more ...; className: string; }' is not assignable to type 'IntrinsicAttributes & HTMLAttributes<HTMLDivElement>'.
  Property 'ref' does not exist on type 'IntrinsicAttributes & HTMLAttributes<HTMLDivElement>'.
src/components/ui/responsive-modal.tsx(121,31): error TS2322: Type '{ defaultChecked?: boolean; defaultValue?: string | number | readonly string[]; suppressContentEditableWarning?: boolean; suppressHydrationWarning?: boolean; accessKey?: string; autoCapitalize?: "none" | ... 5 more ... | (string & {}); ... 258 more ...; className: string; }' is not assignable to type 'IntrinsicAttributes & HTMLAttributes<HTMLDivElement>'.
  Property 'ref' does not exist on type 'IntrinsicAttributes & HTMLAttributes<HTMLDivElement>'.
src/components/ui/responsive-modal.tsx(124,24): error TS2322: Type '{ defaultChecked?: boolean; defaultValue?: string | number | readonly string[]; suppressContentEditableWarning?: boolean; suppressHydrationWarning?: boolean; accessKey?: string; autoCapitalize?: "none" | ... 5 more ... | (string & {}); ... 258 more ...; className: string; }' is not assignable to type 'IntrinsicAttributes & HTMLAttributes<HTMLDivElement>'.
  Property 'ref' does not exist on type 'IntrinsicAttributes & HTMLAttributes<HTMLDivElement>'.
src/contexts/AppContext.tsx(659,45): error TS2345: Argument of type 'ProjectCreationData' is not assignable to parameter of type 'Omit<Project, "id" | "createdAt" | "jobCards" | "updatedAt" | "projectNumber">'.
  Property 'status' is missing in type 'ProjectCreationData' but required in type 'Omit<Project, "id" | "createdAt" | "jobCards" | "updatedAt" | "projectNumber">'.
src/contexts/AppContext.tsx(756,5): error TS2353: Object literal may only specify known properties, and 'deleteUser' does not exist in type 'AppContextType'.
src/examples/DashboardAnalyticsDemo.tsx(50,7): error TS2353: Object literal may only specify known properties, and 'i' does not exist in type 'WidgetLayout'.
src/examples/DashboardAnalyticsDemo.tsx(51,7): error TS2353: Object literal may only specify known properties, and 'i' does not exist in type 'WidgetLayout'.
src/examples/DashboardAnalyticsDemo.tsx(52,7): error TS2353: Object literal may only specify known properties, and 'i' does not exist in type 'WidgetLayout'.
src/examples/DashboardAnalyticsDemo.tsx(53,7): error TS2353: Object literal may only specify known properties, and 'i' does not exist in type 'WidgetLayout'.
src/examples/DashboardEnhancementExample.tsx(184,9): error TS2353: Object literal may only specify known properties, and 'component' does not exist in type 'DashboardWidget'.
src/examples/DashboardEnhancementExample.tsx(184,44): error TS2307: Cannot find module '@/components/dashboard/widgets/AnalyticsWidget' or its corresponding type declarations.
src/examples/DashboardEnhancementExample.tsx(197,9): error TS2353: Object literal may only specify known properties, and 'component' does not exist in type 'DashboardWidget'.
src/examples/DashboardEnhancementExample.tsx(197,44): error TS2307: Cannot find module '@/components/dashboard/widgets/TimelineWidget' or its corresponding type declarations.
src/examples/DashboardEnhancementExample.tsx(210,9): error TS2353: Object literal may only specify known properties, and 'component' does not exist in type 'DashboardWidget'.
src/examples/DashboardEnhancementExample.tsx(210,44): error TS2307: Cannot find module '@/components/dashboard/widgets/TimerWidget' or its corresponding type declarations.
src/hooks/useCloudinaryUpload.ts(16,3): error TS2459: Module '"@/services/cloudinaryFolderService"' declares 'FileCategory' locally, but it is not exported.
src/pages/EnhancedDashboard.tsx(41,5): error TS2741: Property 'name' is missing in type '{ id: string; title: string; description: string; type: string; category: "analytics"; defaultW: number; defaultH: number; minW: number; minH: number; maxW: number; maxH: number; permissions: (UserRole.ADMIN | UserRole.FREELANCER)[]; }' but required in type 'DashboardWidget'.
src/pages/EnhancedDashboard.tsx(55,5): error TS2741: Property 'name' is missing in type '{ id: string; title: string; description: string; type: string; category: "projects"; defaultW: number; defaultH: number; minW: number; minH: number; maxW: number; maxH: number; permissions: UserRole[]; }' but required in type 'DashboardWidget'.
src/pages/EnhancedDashboard.tsx(69,5): error TS2741: Property 'name' is missing in type '{ id: string; title: string; description: string; type: string; category: "analytics"; defaultW: number; defaultH: number; minW: number; minH: number; maxW: number; maxH: number; permissions: UserRole.ADMIN[]; }' but required in type 'DashboardWidget'.
src/pages/EnhancedDashboard.tsx(83,5): error TS2741: Property 'name' is missing in type '{ id: string; title: string; description: string; type: string; category: "files"; defaultW: number; defaultH: number; minW: number; minH: number; maxW: number; maxH: number; permissions: UserRole[]; }' but required in type 'DashboardWidget'.
src/pages/EnhancedDashboard.tsx(97,5): error TS2741: Property 'name' is missing in type '{ id: string; title: string; description: string; type: string; category: "system"; defaultW: number; defaultH: number; minW: number; minH: number; maxW: number; maxH: number; permissions: UserRole[]; }' but required in type 'DashboardWidget'.
src/pages/EnhancedDashboard.tsx(111,5): error TS2741: Property 'name' is missing in type '{ id: string; title: string; description: string; type: string; category: "system"; defaultW: number; defaultH: number; minW: number; minH: number; maxW: number; maxH: number; permissions: (UserRole.ADMIN | UserRole.FREELANCER)[]; }' but required in type 'DashboardWidget'.
src/pages/EnhancedProfileEditorDemo.tsx(29,5): error TS2739: Type 'Date' is missing the following properties from type 'Timestamp': seconds, nanoseconds, toDate, toMillis, isEqual
src/pages/EnhancedProfileEditorDemo.tsx(30,5): error TS2739: Type 'Date' is missing the following properties from type 'Timestamp': seconds, nanoseconds, toDate, toMillis, isEqual
src/pages/EnhancedProfileEditorDemo.tsx(36,9): error TS2353: Object literal may only specify known properties, and 'push' does not exist in type '{ email: boolean; browser: boolean; timerAlerts: boolean; projectUpdates: boolean; messageReceived: boolean; }'.
src/pages/EnhancedProfileEditorDemo.tsx(51,5): error TS2739: Type 'Date' is missing the following properties from type 'Timestamp': seconds, nanoseconds, toDate, toMillis, isEqual
src/pages/EnhancedProfileEditorDemo.tsx(52,5): error TS2739: Type 'Date' is missing the following properties from type 'Timestamp': seconds, nanoseconds, toDate, toMillis, isEqual
src/pages/EnhancedProfileEditorDemo.tsx(57,9): error TS2353: Object literal may only specify known properties, and 'push' does not exist in type '{ email: boolean; browser: boolean; timerAlerts: boolean; projectUpdates: boolean; messageReceived: boolean; }'.
src/pages/EnhancedProfileEditorDemo.tsx(71,5): error TS2739: Type 'Date' is missing the following properties from type 'Timestamp': seconds, nanoseconds, toDate, toMillis, isEqual
src/pages/EnhancedProfileEditorDemo.tsx(72,5): error TS2739: Type 'Date' is missing the following properties from type 'Timestamp': seconds, nanoseconds, toDate, toMillis, isEqual
src/pages/EnhancedProfileEditorDemo.tsx(77,9): error TS2353: Object literal may only specify known properties, and 'push' does not exist in type '{ email: boolean; browser: boolean; timerAlerts: boolean; projectUpdates: boolean; messageReceived: boolean; }'.
src/pages/FreelancerDashboard.tsx(205,19): error TS2322: Type '"info"' is not assignable to type '"error" | "success" | "warning" | "primary"'.
src/services/cloudinaryManagementService.ts(4,3): error TS2459: Module '"./cloudinaryFolderService"' declares 'FileCategory' locally, but it is not exported.
src/services/cloudinaryManagementService.ts(145,42): error TS2339: Property 'error' does not exist on type 'CloudinaryUploadResult'.
src/services/cloudinaryManagementService.ts(169,9): error TS2739: Type '{ level: FilePermissionLevel; allowDownload: true; allowShare: boolean; allowVersioning: boolean; }' is missing the following properties from type 'FilePermissions': allowDelete, allowComments
src/services/cloudinaryManagementService.ts(362,5): error TS2739: Type '{ totalFiles: number; folderSizes: Record<string, number>; filesByCategory: Record<FileCategory, number>; filesByRole: Record<UserRole, number>; }' is missing the following properties from type '{ totalFiles: number; totalSize: number; folderBreakdown: Record<string, { files: number; size: number; }>; categoryBreakdown: Record<FileCategory, number>; }': totalSize, folderBreakdown, categoryBreakdown
src/services/fileMetadataService.ts(2,10): error TS2459: Module '"./cloudinaryFolderService"' declares 'FileCategory' locally, but it is not exported.
src/services/profileExportImportService.ts(193,11): error TS2322: Type 'any' is not assignable to type 'never'.
src/services/profileExportImportService.ts(196,11): error TS2322: Type 'any' is not assignable to type 'never'.
src/services/profileExportImportService.ts(394,7): error TS2322: Type 'string | number | boolean | string[] | Timestamp | { profileCompleted: boolean; skillsAdded: boolean; firstProjectAssigned: boolean; firstTimeLogged: boolean; completedAt?: Timestamp; } | { ...; }' is not assignable to type 'never'.
  Type 'string' is not assignable to type 'never'.
src/types/dashboard.ts(1,26): error TS2307: Cannot find module './index' or its corresponding type declarations.
src/utils/cloudinaryHelpers.ts(2,10): error TS2459: Module '"@/services/cloudinaryFolderService"' declares 'FileCategory' locally, but it is not exported.
src/utils/cloudinaryHelpers.ts(258,5): error TS2741: Property 'categoryBreakdown' is missing in type '{ quotaUsed: number; quotaLimit: number; totalFiles: number; totalSize: number; filesByCategory: Record<FileCategory, number>; recentFiles: ProjectFile[]; }' but required in type '{ totalFiles: number; totalSize: number; quotaUsed: number; quotaLimit: number; categoryBreakdown: Record<FileCategory, number>; }'.
src/utils/cspAwareCloudinaryService.ts(231,9): error TS2322: Type 'string' is not assignable to type 'FileCategory'.
src/utils/cspAwareCloudinaryService.ts(245,11): error TS2353: Object literal may only specify known properties, and 'cloudinaryPublicId' does not exist in type 'FileMetadata'.
src/utils/cspAwareCloudinaryService.ts(329,17): error TS2322: Type 'string' is not assignable to type 'FileCategory'.
src/utils/cspAwareCloudinaryService.ts(343,19): error TS2353: Object literal may only specify known properties, and 'storageProvider' does not exist in type 'FileMetadata'.
src/utils/DashboardAnalytics.ts(92,55): error TS2339: Property 'i' does not exist on type 'WidgetLayout'.
src/utils/fileAccessControl.ts(65,44): error TS2367: This comparison appears to be unintentional because the types 'UserRole.FREELANCER | UserRole.CLIENT' and 'UserRole.ADMIN' have no overlap.
src/utils/performance/cssOptimization.ts(73,67): error TS2345: Argument of type '"layout paint"' is not assignable to parameter of type 'ContainmentType'.
src/utils/performance/cssOptimization.ts(74,49): error TS2345: Argument of type '"layout paint"' is not assignable to parameter of type 'ContainmentType'.
src/utils/performance/cssOptimization.ts(92,58): error TS2345: Argument of type '"layout paint"' is not assignable to parameter of type 'ContainmentType'.
src/utils/performance/cssOptimization.ts(93,50): error TS2345: Argument of type '"layout paint"' is not assignable to parameter of type 'ContainmentType'.
src/utils/TimerPersistence.ts(228,39): error TS2339: Property 'timestamp' does not exist on type 'IDBRequest<any>'.
src/utils/TimerPersistence.ts(233,21): error TS2339: Property 'state' does not exist on type 'IDBRequest<any>'.
utils/advancedFileManager.ts(37,33): error TS2769: No overload matches this call.
  Overload 1 of 4, '(value: string | number | Date): Date', gave the following error.
    Argument of type 'Timestamp' is not assignable to parameter of type 'string | number | Date'.
      Type 'Timestamp' is missing the following properties from type 'Date': toDateString, toTimeString, toLocaleDateString, toLocaleTimeString, and 36 more.
  Overload 2 of 4, '(value: string | number): Date', gave the following error.
    Argument of type 'Timestamp' is not assignable to parameter of type 'string | number'.
utils/advancedFileManager.ts(37,68): error TS2769: No overload matches this call.
  Overload 1 of 4, '(value: string | number | Date): Date', gave the following error.
    Argument of type 'Timestamp' is not assignable to parameter of type 'string | number | Date'.
      Type 'Timestamp' is missing the following properties from type 'Date': toDateString, toTimeString, toLocaleDateString, toLocaleTimeString, and 36 more.
  Overload 2 of 4, '(value: string | number): Date', gave the following error.
    Argument of type 'Timestamp' is not assignable to parameter of type 'string | number'.
utils/filePermissions.ts(3,80): error TS2367: This comparison appears to be unintentional because the types 'UserRole' and '"admin"' have no overlap.
